#
# There is insufficient memory for the Java Runtime Environment to continue.
# Native memory allocation (malloc) failed to allocate 1086256 bytes. Error detail: Chunk::new
# Possible reasons:
#   The system is out of physical RAM or swap space
#   This process is running with CompressedOops enabled, and the Java Heap may be blocking the growth of the native heap
# Possible solutions:
#   Reduce memory load on the system
#   Increase physical memory or swap space
#   Check if swap backing store is full
#   Decrease Java heap size (-Xmx/-Xms)
#   Decrease number of Java threads
#   Decrease Java thread stack sizes (-Xss)
#   Set larger code cache with -XX:ReservedCodeCacheSize=
#   JVM is running with Unscaled Compressed Oops mode in which the Java heap is
#     placed in the first 4GB address space. The Java Heap base address is the
#     maximum limit for the native heap growth. Please use -XX:HeapBaseMinAddress
#     to set the Java Heap base and to place the Java Heap above 4GB virtual address.
# This output file may be truncated or incomplete.
#
#  Out of Memory Error (arena.cpp:168), pid=14508, tid=13044
#
# JRE version: OpenJDK Runtime Environment Temurin-21.0.5+11 (21.0.5+11) (build 21.0.5+11-LTS)
# Java VM: OpenJDK 64-Bit Server VM Temurin-21.0.5+11 (21.0.5+11-LTS, mixed mode, sharing, tiered, compressed oops, compressed class ptrs, parallel gc, windows-amd64)
# No core dump will be written. Minidumps are not enabled by default on client versions of Windows
#

---------------  S U M M A R Y ------------

Command Line: --add-modules=ALL-SYSTEM --add-opens=java.base/java.util=ALL-UNNAMED --add-opens=java.base/java.lang=ALL-UNNAMED --add-opens=java.base/sun.nio.fs=ALL-UNNAMED -Declipse.application=org.eclipse.jdt.ls.core.id1 -Dosgi.bundles.defaultStartLevel=4 -Declipse.product=org.eclipse.jdt.ls.core.product -Djava.import.generatesMetadataFilesAtProjectRoot=false -DDetectVMInstallationsJob.disabled=true -Dfile.encoding=utf8 -XX:+UseParallelGC -XX:GCTimeRatio=4 -XX:AdaptiveSizePolicyWeight=90 -Dsun.zip.disableMemoryMapping=true -Xmx1G -Xms100m -Xlog:disable -javaagent:c:\Users\PWD EDU\.vscode\extensions\redhat.java-1.39.0-win32-x64\lombok\lombok-1.18.34.jar -XX:+HeapDumpOnOutOfMemoryError -XX:HeapDumpPath=c:\Users\PWD EDU\AppData\Roaming\Code\User\workspaceStorage\5671c5f28bfb7e9067cf771c2b3cd341\redhat.java -Daether.dependencyCollector.impl=bf c:\Users\PWD EDU\.vscode\extensions\redhat.java-1.39.0-win32-x64\server\plugins\org.eclipse.equinox.launcher_1.6.900.v20240613-2009.jar -configuration c:\Users\PWD EDU\AppData\Roaming\Code\User\globalStorage\redhat.java\1.39.0\config_win -data c:\Users\PWD EDU\AppData\Roaming\Code\User\workspaceStorage\5671c5f28bfb7e9067cf771c2b3cd341\redhat.java\jdt_ws --pipe=\\.\pipe\lsp-57ebbb33265a5bbdc7f7ec615bb5db41-sock

Host: Intel(R) Core(TM) i5-4590T CPU @ 2.00GHz, 4 cores, 3G,  Windows 10 , 64 bit Build 19041 (10.0.19041.5198)
Time: Fri Jan 24 21:51:45 2025 India Standard Time elapsed time: 199.859863 seconds (0d 0h 3m 19s)

---------------  T H R E A D  ---------------

Current thread (0x0000024d27cf7650):  JavaThread "C2 CompilerThread0" daemon [_thread_in_native, id=13044, stack(0x00000086bf800000,0x00000086bf900000) (1024K)]


Current CompileTask:
C2:199859 10755       4       org.eclipse.jdt.internal.compiler.classfmt.ModuleInfo::readModuleAttribute (1166 bytes)

Stack: [0x00000086bf800000,0x00000086bf900000]
Native frames: (J=compiled Java code, j=interpreted, Vv=VM code, C=native code)
V  [jvm.dll+0x6cd4e9]
V  [jvm.dll+0x8a7941]
V  [jvm.dll+0x8a9e6e]
V  [jvm.dll+0x8aa543]
V  [jvm.dll+0x27f6d6]
V  [jvm.dll+0xc500d]
V  [jvm.dll+0xc5543]
V  [jvm.dll+0x3b65d2]
V  [jvm.dll+0x382835]
V  [jvm.dll+0x381c9a]
V  [jvm.dll+0x2479d0]
V  [jvm.dll+0x246faf]
V  [jvm.dll+0x1c75ce]
V  [jvm.dll+0x25682a]
V  [jvm.dll+0x254dca]
V  [jvm.dll+0x3f00d6]
V  [jvm.dll+0x8514fb]
V  [jvm.dll+0x6cbbed]
C  [ucrtbase.dll+0x21bb2]
C  [KERNEL32.DLL+0x17374]
C  [ntdll.dll+0x4cc91]


---------------  P R O C E S S  ---------------

Threads class SMR info:
_java_thread_list=0x0000024d717f2d90, length=40, elements={
0x0000024d13851440, 0x0000024d27cdd1f0, 0x0000024d27cde100, 0x0000024d27ce0620,
0x0000024d27ce3410, 0x0000024d27ce3aa0, 0x0000024d27ce19d0, 0x0000024d27cf7650,
0x0000024d27cf8190, 0x0000024d27ce26f0, 0x0000024d27ce2d80, 0x0000024d27ce0cb0,
0x0000024d27ce1340, 0x0000024d6e3ada80, 0x0000024d6e3b01e0, 0x0000024d6e3b4a10,
0x0000024d6e3ae7a0, 0x0000024d6e3b3660, 0x0000024d6e3b0870, 0x0000024d6e3b1c20,
0x0000024d6e3b2fd0, 0x0000024d6e3b4380, 0x0000024d6e3b3cf0, 0x0000024d6e3b50a0,
0x0000024d6e3ae110, 0x0000024d6e3aee30, 0x0000024d6e3b0f00, 0x0000024d6e3b1590,
0x0000024d6f3bc8a0, 0x0000024d6f3bae60, 0x0000024d6f3bf000, 0x0000024d6f3c1760,
0x0000024d6f3bbb80, 0x0000024d6f3c0a40, 0x0000024d6f3c2480, 0x0000024d6f3bcf30,
0x0000024d6f3bb4f0, 0x0000024d6f3c1df0, 0x0000024d6f3bc210, 0x0000024d6f3bd5c0
}

Java Threads: ( => current thread )
  0x0000024d13851440 JavaThread "main"                              [_thread_blocked, id=12056, stack(0x00000086bee00000,0x00000086bef00000) (1024K)]
  0x0000024d27cdd1f0 JavaThread "Reference Handler"          daemon [_thread_blocked, id=12868, stack(0x00000086bf200000,0x00000086bf300000) (1024K)]
  0x0000024d27cde100 JavaThread "Finalizer"                  daemon [_thread_blocked, id=15276, stack(0x00000086bf300000,0x00000086bf400000) (1024K)]
  0x0000024d27ce0620 JavaThread "Signal Dispatcher"          daemon [_thread_blocked, id=4052, stack(0x00000086bf400000,0x00000086bf500000) (1024K)]
  0x0000024d27ce3410 JavaThread "Attach Listener"            daemon [_thread_blocked, id=7888, stack(0x00000086bf500000,0x00000086bf600000) (1024K)]
  0x0000024d27ce3aa0 JavaThread "Service Thread"             daemon [_thread_blocked, id=7716, stack(0x00000086bf600000,0x00000086bf700000) (1024K)]
  0x0000024d27ce19d0 JavaThread "Monitor Deflation Thread"   daemon [_thread_blocked, id=14544, stack(0x00000086bf700000,0x00000086bf800000) (1024K)]
=>0x0000024d27cf7650 JavaThread "C2 CompilerThread0"         daemon [_thread_in_native, id=13044, stack(0x00000086bf800000,0x00000086bf900000) (1024K)]
  0x0000024d27cf8190 JavaThread "C1 CompilerThread0"         daemon [_thread_blocked, id=14784, stack(0x00000086bf900000,0x00000086bfa00000) (1024K)]
  0x0000024d27ce26f0 JavaThread "Common-Cleaner"             daemon [_thread_blocked, id=14876, stack(0x00000086bfa00000,0x00000086bfb00000) (1024K)]
  0x0000024d27ce2d80 JavaThread "Notification Thread"        daemon [_thread_blocked, id=14868, stack(0x00000086bfb00000,0x00000086bfc00000) (1024K)]
  0x0000024d27ce0cb0 JavaThread "Active Thread: Equinox Container: 6f34a812-b01c-4b2a-b718-0a71896310d9"        [_thread_blocked, id=10564, stack(0x00000086bff00000,0x00000086c0000000) (1024K)]
  0x0000024d27ce1340 JavaThread "Refresh Thread: Equinox Container: 6f34a812-b01c-4b2a-b718-0a71896310d9" daemon [_thread_blocked, id=12292, stack(0x00000086c0000000,0x00000086c0100000) (1024K)]
  0x0000024d6e3ada80 JavaThread "Framework Event Dispatcher: Equinox Container: 6f34a812-b01c-4b2a-b718-0a71896310d9" daemon [_thread_blocked, id=10744, stack(0x00000086c0100000,0x00000086c0200000) (1024K)]
  0x0000024d6e3b01e0 JavaThread "Start Level: Equinox Container: 6f34a812-b01c-4b2a-b718-0a71896310d9" daemon [_thread_blocked, id=3236, stack(0x00000086c0200000,0x00000086c0300000) (1024K)]
  0x0000024d6e3b4a10 JavaThread "Bundle File Closer"         daemon [_thread_blocked, id=14904, stack(0x00000086beb00000,0x00000086bec00000) (1024K)]
  0x0000024d6e3ae7a0 JavaThread "SCR Component Actor"        daemon [_thread_blocked, id=8648, stack(0x00000086bec00000,0x00000086bed00000) (1024K)]
  0x0000024d6e3b3660 JavaThread "Worker-JM"                         [_thread_blocked, id=3780, stack(0x00000086c0400000,0x00000086c0500000) (1024K)]
  0x0000024d6e3b0870 JavaThread "Worker-0"                          [_thread_blocked, id=10436, stack(0x00000086c0500000,0x00000086c0600000) (1024K)]
  0x0000024d6e3b1c20 JavaThread "Worker-1"                          [_thread_blocked, id=11660, stack(0x00000086c0600000,0x00000086c0700000) (1024K)]
  0x0000024d6e3b2fd0 JavaThread "Worker-3: Building"                [_thread_in_native, id=6448, stack(0x00000086c0800000,0x00000086c0900000) (1024K)]
  0x0000024d6e3b4380 JavaThread "Java indexing"              daemon [_thread_blocked, id=11680, stack(0x00000086c0300000,0x00000086c0400000) (1024K)]
  0x0000024d6e3b3cf0 JavaThread "JNA Cleaner"                daemon [_thread_blocked, id=10260, stack(0x00000086c0900000,0x00000086c0a00000) (1024K)]
  0x0000024d6e3b50a0 JavaThread "Thread-2"                   daemon [_thread_in_native, id=7212, stack(0x00000086c0a00000,0x00000086c0b00000) (1024K)]
  0x0000024d6e3ae110 JavaThread "Thread-3"                   daemon [_thread_in_native, id=11724, stack(0x00000086c0b00000,0x00000086c0c00000) (1024K)]
  0x0000024d6e3aee30 JavaThread "Thread-4"                   daemon [_thread_in_native, id=12320, stack(0x00000086c0c00000,0x00000086c0d00000) (1024K)]
  0x0000024d6e3b0f00 JavaThread "Thread-5"                   daemon [_thread_in_native, id=11600, stack(0x00000086c0d00000,0x00000086c0e00000) (1024K)]
  0x0000024d6e3b1590 JavaThread "Thread-6"                   daemon [_thread_in_native, id=5496, stack(0x00000086c0e00000,0x00000086c0f00000) (1024K)]
  0x0000024d6f3bc8a0 JavaThread "pool-2-thread-1"                   [_thread_blocked, id=8176, stack(0x00000086c0f00000,0x00000086c1000000) (1024K)]
  0x0000024d6f3bae60 JavaThread "WorkspaceEventsHandler"            [_thread_blocked, id=11488, stack(0x00000086c1000000,0x00000086c1100000) (1024K)]
  0x0000024d6f3bf000 JavaThread "pool-1-thread-1"                   [_thread_blocked, id=14696, stack(0x00000086c1100000,0x00000086c1200000) (1024K)]
  0x0000024d6f3c1760 JavaThread "Worker-4"                          [_thread_blocked, id=1452, stack(0x00000086c1200000,0x00000086c1300000) (1024K)]
  0x0000024d6f3bbb80 JavaThread "Worker-5: Check JDK Index"         [_thread_blocked, id=3776, stack(0x00000086c1500000,0x00000086c1600000) (1024K)]
  0x0000024d6f3c0a40 JavaThread "Worker-7"                          [_thread_blocked, id=8912, stack(0x00000086c1600000,0x00000086c1700000) (1024K)]
  0x0000024d6f3c2480 JavaThread "ForkJoinPool.commonPool-worker-1" daemon [_thread_blocked, id=15116, stack(0x00000086c1800000,0x00000086c1900000) (1024K)]
  0x0000024d6f3bcf30 JavaThread "ForkJoinPool.commonPool-worker-2" daemon [_thread_in_native, id=10184, stack(0x00000086c1a00000,0x00000086c1b00000) (1024K)]
  0x0000024d6f3bb4f0 JavaThread "ForkJoinPool.commonPool-worker-3" daemon [_thread_blocked, id=13500, stack(0x00000086c1b00000,0x00000086c1c00000) (1024K)]
  0x0000024d6f3c1df0 JavaThread "Compiler Source File Reader" daemon [_thread_blocked, id=10572, stack(0x00000086c1c00000,0x00000086c1d00000) (1024K)]
  0x0000024d6f3bc210 JavaThread "Compiler Source File Reader" daemon [_thread_blocked, id=15136, stack(0x00000086c1d00000,0x00000086c1e00000) (1024K)]
  0x0000024d6f3bd5c0 JavaThread "Compiler Class File Writer" daemon [_thread_blocked, id=14940, stack(0x00000086c1f00000,0x00000086c2000000) (1024K)]
Total: 40

Other Threads:
  0x0000024d1390f150 VMThread "VM Thread"                           [id=9256, stack(0x00000086bf100000,0x00000086bf200000) (1024K)]
  0x0000024d138bb370 WatcherThread "VM Periodic Task Thread"        [id=14880, stack(0x00000086bf000000,0x00000086bf100000) (1024K)]
  0x0000024d1386e460 WorkerThread "GC Thread#0"                     [id=15020, stack(0x00000086bef00000,0x00000086bf000000) (1024K)]
  0x0000024d6e0f69a0 WorkerThread "GC Thread#1"                     [id=5484, stack(0x00000086bfc00000,0x00000086bfd00000) (1024K)]
  0x0000024d6e0f6d40 WorkerThread "GC Thread#2"                     [id=13904, stack(0x00000086bfd00000,0x00000086bfe00000) (1024K)]
  0x0000024d69f69340 WorkerThread "GC Thread#3"                     [id=14960, stack(0x00000086bfe00000,0x00000086bff00000) (1024K)]
Total: 6

Threads with active compile tasks:
C2 CompilerThread0  205775 10755       4       org.eclipse.jdt.internal.compiler.classfmt.ModuleInfo::readModuleAttribute (1166 bytes)
Total: 1

VM state: not at safepoint (normal execution)

VM Mutex/Monitor currently owned by a thread: None

Heap address: 0x00000000c0000000, size: 1024 MB, Compressed Oops mode: 32-bit

CDS archive(s) mapped at: [0x0000024d28000000-0x0000024d28ba0000-0x0000024d28ba0000), size 12189696, SharedBaseAddress: 0x0000024d28000000, ArchiveRelocationMode: 1.
Compressed class space mapped at: 0x0000024d29000000-0x0000024d69000000, reserved size: 1073741824
Narrow klass base: 0x0000024d28000000, Narrow klass shift: 0, Narrow klass range: 0x100000000

GC Precious Log:
 CardTable entry size: 512
 CPUs: 4 total, 4 available
 Memory: 3976M
 Large Page Support: Disabled
 NUMA Support: Disabled
 Compressed Oops: Enabled (32-bit)
 Alignments: Space 512K, Generation 512K, Heap 2M
 Heap Min Capacity: 100M
 Heap Initial Capacity: 100M
 Heap Max Capacity: 1G
 Pre-touch: Disabled
 Parallel Workers: 4

Heap:
 PSYoungGen      total 3584K, used 3380K [0x00000000eab00000, 0x00000000eb000000, 0x0000000100000000)
  eden space 3072K, 99% used [0x00000000eab00000,0x00000000eadfd208,0x00000000eae00000)
  from space 512K, 62% used [0x00000000eaf80000,0x00000000eafd0000,0x00000000eb000000)
  to   space 512K, 0% used [0x00000000eaf00000,0x00000000eaf00000,0x00000000eaf80000)
 ParOldGen       total 542720K, used 542701K [0x00000000c0000000, 0x00000000e1200000, 0x00000000eab00000)
  object space 542720K, 99% used [0x00000000c0000000,0x00000000e11fb6a0,0x00000000e1200000)
 Metaspace       used 69836K, committed 71296K, reserved 1114112K
  class space    used 7379K, committed 8000K, reserved 1048576K

Card table byte_map: [0x0000024d13200000,0x0000024d13410000] _byte_map_base: 0x0000024d12c00000

Marking Bits: (ParMarkBitMap*) 0x00007ffc92562250
 Begin Bits: [0x0000024d25bb0000, 0x0000024d26bb0000)
 End Bits:   [0x0000024d26bb0000, 0x0000024d27bb0000)

Polling page: 0x0000024d117d0000

Metaspace:

Usage:
  Non-class:     60.99 MB used.
      Class:      7.21 MB used.
       Both:     68.20 MB used.

Virtual space:
  Non-class space:       64.00 MB reserved,      61.81 MB ( 97%) committed,  1 nodes.
      Class space:        1.00 GB reserved,       7.81 MB ( <1%) committed,  1 nodes.
             Both:        1.06 GB reserved,      69.62 MB (  6%) committed. 

Chunk freelists:
   Non-Class:  1.98 MB
       Class:  8.05 MB
        Both:  10.03 MB

MaxMetaspaceSize: unlimited
CompressedClassSpaceSize: 1.00 GB
Initial GC threshold: 21.00 MB
Current GC threshold: 97.31 MB
CDS: on
 - commit_granule_bytes: 65536.
 - commit_granule_words: 8192.
 - virtual_space_node_default_size: 8388608.
 - enlarge_chunks_in_place: 1.
 - use_allocation_guard: 0.


Internal statistics:

num_allocs_failed_limit: 11.
num_arena_births: 1088.
num_arena_deaths: 14.
num_vsnodes_births: 2.
num_vsnodes_deaths: 0.
num_space_committed: 1114.
num_space_uncommitted: 0.
num_chunks_returned_to_freelist: 25.
num_chunks_taken_from_freelist: 4025.
num_chunk_merges: 17.
num_chunk_splits: 2553.
num_chunks_enlarged: 1556.
num_inconsistent_stats: 0.

CodeHeap 'non-profiled nmethods': size=120000Kb used=7339Kb max_used=7339Kb free=112660Kb
 bounds [0x0000024d1e680000, 0x0000024d1edb0000, 0x0000024d25bb0000]
CodeHeap 'profiled nmethods': size=120000Kb used=22315Kb max_used=22315Kb free=97684Kb
 bounds [0x0000024d16bb0000, 0x0000024d18180000, 0x0000024d1e0e0000]
CodeHeap 'non-nmethods': size=5760Kb used=1478Kb max_used=1531Kb free=4281Kb
 bounds [0x0000024d1e0e0000, 0x0000024d1e350000, 0x0000024d1e680000]
 total_blobs=10954 nmethods=10151 adapters=708
 compilation: enabled
              stopped_count=0, restarted_count=0
 full_count=0

Compilation events (20 events):
Event: 198.648 Thread 0x0000024d27cf8190 10781       3       org.eclipse.core.runtime.SubMonitor::convert (83 bytes)
Event: 198.648 Thread 0x0000024d27cf8190 nmethod 10781 0x0000024d180ba590 code [0x0000024d180ba820, 0x0000024d180bb640]
Event: 198.648 Thread 0x0000024d27cf8190 10782       3       java.lang.AbstractStringBuilder::append (70 bytes)
Event: 198.649 Thread 0x0000024d27cf8190 nmethod 10782 0x0000024d180bba90 code [0x0000024d180bbca0, 0x0000024d180bc1d0]
Event: 198.649 Thread 0x0000024d27cf8190 10783       3       java.lang.AbstractStringBuilder::inflateIfNeededFor (22 bytes)
Event: 198.649 Thread 0x0000024d27cf8190 nmethod 10783 0x0000024d180bc390 code [0x0000024d180bc540, 0x0000024d180bc750]
Event: 198.649 Thread 0x0000024d27cf8190 10784       3       java.lang.AbstractStringBuilder::getCoder (15 bytes)
Event: 198.649 Thread 0x0000024d27cf8190 nmethod 10784 0x0000024d180bc890 code [0x0000024d180bca20, 0x0000024d180bcb58]
Event: 198.649 Thread 0x0000024d27cf8190 10785       3       java.lang.AbstractStringBuilder::getBytes (44 bytes)
Event: 198.649 Thread 0x0000024d27cf8190 nmethod 10785 0x0000024d180bcc10 code [0x0000024d180bcde0, 0x0000024d180bd080]
Event: 198.649 Thread 0x0000024d27cf8190 10786       3       org.eclipse.core.internal.jobs.JobQueue::canOvertake (69 bytes)
Event: 198.652 Thread 0x0000024d27cf8190 nmethod 10786 0x0000024d180bd190 code [0x0000024d180bd380, 0x0000024d180bd980]
Event: 198.652 Thread 0x0000024d27cf8190 10787       3       org.eclipse.core.internal.filesystem.FileStoreUtil::compareSlashFirst (108 bytes)
Event: 198.654 Thread 0x0000024d27cf8190 nmethod 10787 0x0000024d180bdb10 code [0x0000024d180bde60, 0x0000024d180bf288]
Event: 198.654 Thread 0x0000024d27cf8190 10788       3       org.eclipse.jdt.internal.compiler.lookup.ModuleBinding::isPackageExportedTo (133 bytes)
Event: 198.654 Thread 0x0000024d27cf8190 nmethod 10788 0x0000024d180bfb10 code [0x0000024d180bfd80, 0x0000024d180c0820]
Event: 198.654 Thread 0x0000024d27cf8190 10789       1       org.eclipse.jdt.ls.core.internal.semantictokens.SemanticTokensVisitor$SemanticToken::getOffset (5 bytes)
Event: 198.654 Thread 0x0000024d27cf8190 nmethod 10789 0x0000024d1eda3a90 code [0x0000024d1eda3c20, 0x0000024d1eda3ce8]
Event: 198.668 Thread 0x0000024d27cf8190 10790       3       org.eclipse.jdt.internal.core.index.DiskIndex::readChunk (266 bytes)
Event: 198.671 Thread 0x0000024d27cf8190 nmethod 10790 0x0000024d180c0b90 code [0x0000024d180c1180, 0x0000024d180c46c8]

GC Heap History (20 events):
Event: 196.741 GC heap before
{Heap before GC invocations=610 (full 3):
 PSYoungGen      total 1536K, used 1360K [0x00000000eab00000, 0x00000000ead80000, 0x0000000100000000)
  eden space 1024K, 100% used [0x00000000eab00000,0x00000000eac00000,0x00000000eac00000)
  from space 512K, 65% used [0x00000000ead00000,0x00000000ead54010,0x00000000ead80000)
  to   space 512K, 0% used [0x00000000eac80000,0x00000000eac80000,0x00000000ead00000)
 ParOldGen       total 519680K, used 519415K [0x00000000c0000000, 0x00000000dfb80000, 0x00000000eab00000)
  object space 519680K, 99% used [0x00000000c0000000,0x00000000dfb3dfd0,0x00000000dfb80000)
 Metaspace       used 69086K, committed 70464K, reserved 1114112K
  class space    used 7331K, committed 7936K, reserved 1048576K
}
Event: 196.743 GC heap after
{Heap after GC invocations=610 (full 3):
 PSYoungGen      total 1536K, used 128K [0x00000000eab00000, 0x00000000ead80000, 0x0000000100000000)
  eden space 1024K, 0% used [0x00000000eab00000,0x00000000eab00000,0x00000000eac00000)
  from space 512K, 25% used [0x00000000eac80000,0x00000000eaca0000,0x00000000ead00000)
  to   space 512K, 0% used [0x00000000ead00000,0x00000000ead00000,0x00000000ead80000)
 ParOldGen       total 519680K, used 519431K [0x00000000c0000000, 0x00000000dfb80000, 0x00000000eab00000)
  object space 519680K, 99% used [0x00000000c0000000,0x00000000dfb41fd0,0x00000000dfb80000)
 Metaspace       used 69086K, committed 70464K, reserved 1114112K
  class space    used 7331K, committed 7936K, reserved 1048576K
}
Event: 196.747 GC heap before
{Heap before GC invocations=611 (full 3):
 PSYoungGen      total 1536K, used 1152K [0x00000000eab00000, 0x00000000ead80000, 0x0000000100000000)
  eden space 1024K, 100% used [0x00000000eab00000,0x00000000eac00000,0x00000000eac00000)
  from space 512K, 25% used [0x00000000eac80000,0x00000000eaca0000,0x00000000ead00000)
  to   space 512K, 0% used [0x00000000ead00000,0x00000000ead00000,0x00000000ead80000)
 ParOldGen       total 519680K, used 519431K [0x00000000c0000000, 0x00000000dfb80000, 0x00000000eab00000)
  object space 519680K, 99% used [0x00000000c0000000,0x00000000dfb41fd0,0x00000000dfb80000)
 Metaspace       used 69086K, committed 70464K, reserved 1114112K
  class space    used 7331K, committed 7936K, reserved 1048576K
}
Event: 196.749 GC heap after
{Heap after GC invocations=611 (full 3):
 PSYoungGen      total 1536K, used 128K [0x00000000eab00000, 0x00000000ead80000, 0x0000000100000000)
  eden space 1024K, 0% used [0x00000000eab00000,0x00000000eab00000,0x00000000eac00000)
  from space 512K, 25% used [0x00000000ead00000,0x00000000ead20000,0x00000000ead80000)
  to   space 512K, 0% used [0x00000000eac80000,0x00000000eac80000,0x00000000ead00000)
 ParOldGen       total 519680K, used 519495K [0x00000000c0000000, 0x00000000dfb80000, 0x00000000eab00000)
  object space 519680K, 99% used [0x00000000c0000000,0x00000000dfb51fe0,0x00000000dfb80000)
 Metaspace       used 69086K, committed 70464K, reserved 1114112K
  class space    used 7331K, committed 7936K, reserved 1048576K
}
Event: 197.138 GC heap before
{Heap before GC invocations=612 (full 3):
 PSYoungGen      total 1536K, used 1152K [0x00000000eab00000, 0x00000000ead80000, 0x0000000100000000)
  eden space 1024K, 100% used [0x00000000eab00000,0x00000000eac00000,0x00000000eac00000)
  from space 512K, 25% used [0x00000000ead00000,0x00000000ead20000,0x00000000ead80000)
  to   space 512K, 0% used [0x00000000eac80000,0x00000000eac80000,0x00000000ead00000)
 ParOldGen       total 519680K, used 519495K [0x00000000c0000000, 0x00000000dfb80000, 0x00000000eab00000)
  object space 519680K, 99% used [0x00000000c0000000,0x00000000dfb51fe0,0x00000000dfb80000)
 Metaspace       used 69167K, committed 70528K, reserved 1114112K
  class space    used 7333K, committed 7936K, reserved 1048576K
}
Event: 197.139 GC heap after
{Heap after GC invocations=612 (full 3):
 PSYoungGen      total 1536K, used 145K [0x00000000eab00000, 0x00000000ead80000, 0x0000000100000000)
  eden space 1024K, 0% used [0x00000000eab00000,0x00000000eab00000,0x00000000eac00000)
  from space 512K, 28% used [0x00000000eac80000,0x00000000eaca45c8,0x00000000ead00000)
  to   space 512K, 0% used [0x00000000ead00000,0x00000000ead00000,0x00000000ead80000)
 ParOldGen       total 519680K, used 519543K [0x00000000c0000000, 0x00000000dfb80000, 0x00000000eab00000)
  object space 519680K, 99% used [0x00000000c0000000,0x00000000dfb5dfe0,0x00000000dfb80000)
 Metaspace       used 69167K, committed 70528K, reserved 1114112K
  class space    used 7333K, committed 7936K, reserved 1048576K
}
Event: 197.857 GC heap before
{Heap before GC invocations=613 (full 3):
 PSYoungGen      total 1536K, used 1169K [0x00000000eab00000, 0x00000000ead80000, 0x0000000100000000)
  eden space 1024K, 99% used [0x00000000eab00000,0x00000000eabfffe8,0x00000000eac00000)
  from space 512K, 28% used [0x00000000eac80000,0x00000000eaca45c8,0x00000000ead00000)
  to   space 512K, 0% used [0x00000000ead00000,0x00000000ead00000,0x00000000ead80000)
 ParOldGen       total 519680K, used 519543K [0x00000000c0000000, 0x00000000dfb80000, 0x00000000eab00000)
  object space 519680K, 99% used [0x00000000c0000000,0x00000000dfb5dfe0,0x00000000dfb80000)
 Metaspace       used 69268K, committed 70592K, reserved 1114112K
  class space    used 7347K, committed 7936K, reserved 1048576K
}
Event: 197.899 GC heap after
{Heap after GC invocations=613 (full 3):
 PSYoungGen      total 1536K, used 128K [0x00000000eab00000, 0x00000000ead80000, 0x0000000100000000)
  eden space 1024K, 0% used [0x00000000eab00000,0x00000000eab00000,0x00000000eac00000)
  from space 512K, 25% used [0x00000000ead00000,0x00000000ead20000,0x00000000ead80000)
  to   space 512K, 0% used [0x00000000eac80000,0x00000000eac80000,0x00000000ead00000)
 ParOldGen       total 519680K, used 519591K [0x00000000c0000000, 0x00000000dfb80000, 0x00000000eab00000)
  object space 519680K, 99% used [0x00000000c0000000,0x00000000dfb69ff0,0x00000000dfb80000)
 Metaspace       used 69268K, committed 70592K, reserved 1114112K
  class space    used 7347K, committed 7936K, reserved 1048576K
}
Event: 198.244 GC heap before
{Heap before GC invocations=614 (full 3):
 PSYoungGen      total 1536K, used 1152K [0x00000000eab00000, 0x00000000ead80000, 0x0000000100000000)
  eden space 1024K, 100% used [0x00000000eab00000,0x00000000eac00000,0x00000000eac00000)
  from space 512K, 25% used [0x00000000ead00000,0x00000000ead20000,0x00000000ead80000)
  to   space 512K, 0% used [0x00000000eac80000,0x00000000eac80000,0x00000000ead00000)
 ParOldGen       total 519680K, used 519591K [0x00000000c0000000, 0x00000000dfb80000, 0x00000000eab00000)
  object space 519680K, 99% used [0x00000000c0000000,0x00000000dfb69ff0,0x00000000dfb80000)
 Metaspace       used 69330K, committed 70656K, reserved 1114112K
  class space    used 7351K, committed 7936K, reserved 1048576K
}
Event: 198.246 GC heap after
{Heap after GC invocations=614 (full 3):
 PSYoungGen      total 1536K, used 408K [0x00000000eab00000, 0x00000000ead80000, 0x0000000100000000)
  eden space 1024K, 0% used [0x00000000eab00000,0x00000000eab00000,0x00000000eac00000)
  from space 512K, 79% used [0x00000000eac80000,0x00000000eace63b0,0x00000000ead00000)
  to   space 512K, 0% used [0x00000000ead00000,0x00000000ead00000,0x00000000ead80000)
 ParOldGen       total 520192K, used 519687K [0x00000000c0000000, 0x00000000dfc00000, 0x00000000eab00000)
  object space 520192K, 99% used [0x00000000c0000000,0x00000000dfb81ff0,0x00000000dfc00000)
 Metaspace       used 69330K, committed 70656K, reserved 1114112K
  class space    used 7351K, committed 7936K, reserved 1048576K
}
Event: 198.401 GC heap before
{Heap before GC invocations=615 (full 3):
 PSYoungGen      total 1536K, used 1432K [0x00000000eab00000, 0x00000000ead80000, 0x0000000100000000)
  eden space 1024K, 100% used [0x00000000eab00000,0x00000000eac00000,0x00000000eac00000)
  from space 512K, 79% used [0x00000000eac80000,0x00000000eace63b0,0x00000000ead00000)
  to   space 512K, 0% used [0x00000000ead00000,0x00000000ead00000,0x00000000ead80000)
 ParOldGen       total 520192K, used 519687K [0x00000000c0000000, 0x00000000dfc00000, 0x00000000eab00000)
  object space 520192K, 99% used [0x00000000c0000000,0x00000000dfb81ff0,0x00000000dfc00000)
 Metaspace       used 69343K, committed 70720K, reserved 1114112K
  class space    used 7351K, committed 7936K, reserved 1048576K
}
Event: 198.403 GC heap after
{Heap after GC invocations=615 (full 3):
 PSYoungGen      total 1536K, used 320K [0x00000000eab00000, 0x00000000ead80000, 0x0000000100000000)
  eden space 1024K, 0% used [0x00000000eab00000,0x00000000eab00000,0x00000000eac00000)
  from space 512K, 62% used [0x00000000ead00000,0x00000000ead50000,0x00000000ead80000)
  to   space 512K, 0% used [0x00000000eac80000,0x00000000eac80000,0x00000000ead00000)
 ParOldGen       total 520192K, used 520043K [0x00000000c0000000, 0x00000000dfc00000, 0x00000000eab00000)
  object space 520192K, 99% used [0x00000000c0000000,0x00000000dfbdacc0,0x00000000dfc00000)
 Metaspace       used 69343K, committed 70720K, reserved 1114112K
  class space    used 7351K, committed 7936K, reserved 1048576K
}
Event: 198.405 GC heap before
{Heap before GC invocations=616 (full 3):
 PSYoungGen      total 1536K, used 1344K [0x00000000eab00000, 0x00000000ead80000, 0x0000000100000000)
  eden space 1024K, 100% used [0x00000000eab00000,0x00000000eac00000,0x00000000eac00000)
  from space 512K, 62% used [0x00000000ead00000,0x00000000ead50000,0x00000000ead80000)
  to   space 512K, 0% used [0x00000000eac80000,0x00000000eac80000,0x00000000ead00000)
 ParOldGen       total 520192K, used 520043K [0x00000000c0000000, 0x00000000dfc00000, 0x00000000eab00000)
  object space 520192K, 99% used [0x00000000c0000000,0x00000000dfbdacc0,0x00000000dfc00000)
 Metaspace       used 69343K, committed 70720K, reserved 1114112K
  class space    used 7351K, committed 7936K, reserved 1048576K
}
Event: 198.407 GC heap after
{Heap after GC invocations=616 (full 3):
 PSYoungGen      total 1536K, used 384K [0x00000000eab00000, 0x00000000ead80000, 0x0000000100000000)
  eden space 1024K, 0% used [0x00000000eab00000,0x00000000eab00000,0x00000000eac00000)
  from space 512K, 75% used [0x00000000eac80000,0x00000000eace0000,0x00000000ead00000)
  to   space 512K, 0% used [0x00000000ead00000,0x00000000ead00000,0x00000000ead80000)
 ParOldGen       total 520704K, used 520315K [0x00000000c0000000, 0x00000000dfc80000, 0x00000000eab00000)
  object space 520704K, 99% used [0x00000000c0000000,0x00000000dfc1ecd0,0x00000000dfc80000)
 Metaspace       used 69343K, committed 70720K, reserved 1114112K
  class space    used 7351K, committed 7936K, reserved 1048576K
}
Event: 198.409 GC heap before
{Heap before GC invocations=617 (full 3):
 PSYoungGen      total 1536K, used 1408K [0x00000000eab00000, 0x00000000ead80000, 0x0000000100000000)
  eden space 1024K, 100% used [0x00000000eab00000,0x00000000eac00000,0x00000000eac00000)
  from space 512K, 75% used [0x00000000eac80000,0x00000000eace0000,0x00000000ead00000)
  to   space 512K, 0% used [0x00000000ead00000,0x00000000ead00000,0x00000000ead80000)
 ParOldGen       total 520704K, used 520315K [0x00000000c0000000, 0x00000000dfc80000, 0x00000000eab00000)
  object space 520704K, 99% used [0x00000000c0000000,0x00000000dfc1ecd0,0x00000000dfc80000)
 Metaspace       used 69343K, committed 70720K, reserved 1114112K
  class space    used 7351K, committed 7936K, reserved 1048576K
}
Event: 198.411 GC heap after
{Heap after GC invocations=617 (full 3):
 PSYoungGen      total 2048K, used 352K [0x00000000eab00000, 0x00000000ead80000, 0x0000000100000000)
  eden space 1536K, 0% used [0x00000000eab00000,0x00000000eab00000,0x00000000eac80000)
  from space 512K, 68% used [0x00000000ead00000,0x00000000ead58000,0x00000000ead80000)
  to   space 512K, 0% used [0x00000000eac80000,0x00000000eac80000,0x00000000ead00000)
 ParOldGen       total 520704K, used 520651K [0x00000000c0000000, 0x00000000dfc80000, 0x00000000eab00000)
  object space 520704K, 99% used [0x00000000c0000000,0x00000000dfc72cd0,0x00000000dfc80000)
 Metaspace       used 69343K, committed 70720K, reserved 1114112K
  class space    used 7351K, committed 7936K, reserved 1048576K
}
Event: 198.447 GC heap before
{Heap before GC invocations=618 (full 3):
 PSYoungGen      total 2048K, used 1887K [0x00000000eab00000, 0x00000000ead80000, 0x0000000100000000)
  eden space 1536K, 99% used [0x00000000eab00000,0x00000000eac7ffc0,0x00000000eac80000)
  from space 512K, 68% used [0x00000000ead00000,0x00000000ead58000,0x00000000ead80000)
  to   space 512K, 0% used [0x00000000eac80000,0x00000000eac80000,0x00000000ead00000)
 ParOldGen       total 520704K, used 520651K [0x00000000c0000000, 0x00000000dfc80000, 0x00000000eab00000)
  object space 520704K, 99% used [0x00000000c0000000,0x00000000dfc72cd0,0x00000000dfc80000)
 Metaspace       used 69347K, committed 70720K, reserved 1114112K
  class space    used 7352K, committed 7936K, reserved 1048576K
}
Event: 198.449 GC heap after
{Heap after GC invocations=618 (full 3):
 PSYoungGen      total 2048K, used 432K [0x00000000eab00000, 0x00000000ead80000, 0x0000000100000000)
  eden space 1536K, 0% used [0x00000000eab00000,0x00000000eab00000,0x00000000eac80000)
  from space 512K, 84% used [0x00000000eac80000,0x00000000eacec010,0x00000000ead00000)
  to   space 512K, 0% used [0x00000000ead00000,0x00000000ead00000,0x00000000ead80000)
 ParOldGen       total 521216K, used 520987K [0x00000000c0000000, 0x00000000dfd00000, 0x00000000eab00000)
  object space 521216K, 99% used [0x00000000c0000000,0x00000000dfcc6cd0,0x00000000dfd00000)
 Metaspace       used 69347K, committed 70720K, reserved 1114112K
  class space    used 7352K, committed 7936K, reserved 1048576K
}
Event: 198.663 GC heap before
{Heap before GC invocations=619 (full 3):
 PSYoungGen      total 2048K, used 1968K [0x00000000eab00000, 0x00000000ead80000, 0x0000000100000000)
  eden space 1536K, 100% used [0x00000000eab00000,0x00000000eac80000,0x00000000eac80000)
  from space 512K, 84% used [0x00000000eac80000,0x00000000eacec010,0x00000000ead00000)
  to   space 512K, 0% used [0x00000000ead00000,0x00000000ead00000,0x00000000ead80000)
 ParOldGen       total 521216K, used 520987K [0x00000000c0000000, 0x00000000dfd00000, 0x00000000eab00000)
  object space 521216K, 99% used [0x00000000c0000000,0x00000000dfcc6cd0,0x00000000dfd00000)
 Metaspace       used 69380K, committed 70720K, reserved 1114112K
  class space    used 7353K, committed 7936K, reserved 1048576K
}
Event: 198.667 GC heap after
{Heap after GC invocations=619 (full 3):
 PSYoungGen      total 2048K, used 320K [0x00000000eab00000, 0x00000000ead80000, 0x0000000100000000)
  eden space 1536K, 0% used [0x00000000eab00000,0x00000000eab00000,0x00000000eac80000)
  from space 512K, 62% used [0x00000000ead00000,0x00000000ead50000,0x00000000ead80000)
  to   space 512K, 0% used [0x00000000eac80000,0x00000000eac80000,0x00000000ead00000)
 ParOldGen       total 521728K, used 521333K [0x00000000c0000000, 0x00000000dfd80000, 0x00000000eab00000)
  object space 521728K, 99% used [0x00000000c0000000,0x00000000dfd1d5e0,0x00000000dfd80000)
 Metaspace       used 69380K, committed 70720K, reserved 1114112K
  class space    used 7353K, committed 7936K, reserved 1048576K
}

Dll operation events (14 events):
Event: 3.308 Loaded shared library c:\Users\PWD EDU\.vscode\extensions\redhat.java-1.39.0-win32-x64\jre\21.0.5-win32-x86_64\bin\java.dll
Event: 6.842 Loaded shared library c:\Users\PWD EDU\.vscode\extensions\redhat.java-1.39.0-win32-x64\jre\21.0.5-win32-x86_64\bin\zip.dll
Event: 7.775 Loaded shared library C:\Users\PWD EDU\.vscode\extensions\redhat.java-1.39.0-win32-x64\jre\21.0.5-win32-x86_64\bin\instrument.dll
Event: 7.939 Loaded shared library C:\Users\PWD EDU\.vscode\extensions\redhat.java-1.39.0-win32-x64\jre\21.0.5-win32-x86_64\bin\net.dll
Event: 8.076 Loaded shared library C:\Users\PWD EDU\.vscode\extensions\redhat.java-1.39.0-win32-x64\jre\21.0.5-win32-x86_64\bin\nio.dll
Event: 8.097 Loaded shared library C:\Users\PWD EDU\.vscode\extensions\redhat.java-1.39.0-win32-x64\jre\21.0.5-win32-x86_64\bin\zip.dll
Event: 8.513 Loaded shared library C:\Users\PWD EDU\.vscode\extensions\redhat.java-1.39.0-win32-x64\jre\21.0.5-win32-x86_64\bin\jimage.dll
Event: 9.441 Loaded shared library c:\Users\PWD EDU\.vscode\extensions\redhat.java-1.39.0-win32-x64\jre\21.0.5-win32-x86_64\bin\verify.dll
Event: 36.424 Loaded shared library C:\Users\PWD EDU\AppData\Roaming\Code\User\globalStorage\redhat.java\1.39.0\config_win\org.eclipse.equinox.launcher\org.eclipse.equinox.launcher.win32.win32.x86_64_1.2.1100.v20240722-2106\eclipse_11904.dll
Event: 77.790 Loaded shared library C:\Users\PWD EDU\.vscode\extensions\redhat.java-1.39.0-win32-x64\jre\21.0.5-win32-x86_64\bin\management.dll
Event: 77.857 Loaded shared library C:\Users\PWD EDU\.vscode\extensions\redhat.java-1.39.0-win32-x64\jre\21.0.5-win32-x86_64\bin\management_ext.dll
Event: 103.612 Loaded shared library C:\Users\PWD EDU\AppData\Local\Temp\jna-540407827\jna8886885203706989941.dll
Event: 114.865 Loaded shared library C:\Users\PWD EDU\.vscode\extensions\redhat.java-1.39.0-win32-x64\jre\21.0.5-win32-x86_64\bin\sunmscapi.dll
Event: 116.700 Loaded shared library C:\Users\PWD EDU\.vscode\extensions\redhat.java-1.39.0-win32-x64\jre\21.0.5-win32-x86_64\bin\extnet.dll

Deoptimization events (20 events):
Event: 196.948 Thread 0x0000024d6f3bf000 Uncommon trap: trap_request=0xffffffde fr.pc=0x0000024d1ebc6d98 relative=0x0000000000000278
Event: 196.948 Thread 0x0000024d6f3bf000 Uncommon trap: reason=class_check action=maybe_recompile pc=0x0000024d1ebc6d98 method=com.google.gson.internal.bind.TypeAdapters$15.read(Lcom/google/gson/stream/JsonReader;)Ljava/lang/String; @ 1 c2
Event: 196.948 Thread 0x0000024d6f3bf000 DEOPT PACKING pc=0x0000024d1ebc6d98 sp=0x00000086c11fe170
Event: 196.948 Thread 0x0000024d6f3bf000 DEOPT UNPACKING pc=0x0000024d1e133aa2 sp=0x00000086c11fe090 mode 2
Event: 197.439 Thread 0x0000024d6f3bb4f0 Uncommon trap: trap_request=0xffffffde fr.pc=0x0000024d1ec04498 relative=0x0000000000000078
Event: 197.439 Thread 0x0000024d6f3bb4f0 Uncommon trap: reason=class_check action=maybe_recompile pc=0x0000024d1ec04498 method=java.util.LinkedHashMap.afterNodeInsertion(Z)V @ 15 c2
Event: 197.439 Thread 0x0000024d6f3bb4f0 DEOPT PACKING pc=0x0000024d1ec04498 sp=0x00000086c1bfec60
Event: 197.439 Thread 0x0000024d6f3bb4f0 DEOPT UNPACKING pc=0x0000024d1e133aa2 sp=0x00000086c1bfebd8 mode 2
Event: 197.856 Thread 0x0000024d6f3bf000 Uncommon trap: trap_request=0xffffffde fr.pc=0x0000024d1ebcec7c relative=0x0000000000000e1c
Event: 197.856 Thread 0x0000024d6f3bf000 Uncommon trap: reason=class_check action=maybe_recompile pc=0x0000024d1ebcec7c method=com.google.gson.internal.bind.MapTypeAdapterFactory$Adapter.read(Lcom/google/gson/stream/JsonReader;)Ljava/util/Map; @ 1 c2
Event: 197.856 Thread 0x0000024d6f3bf000 DEOPT PACKING pc=0x0000024d1ebcec7c sp=0x00000086c11fe240
Event: 197.856 Thread 0x0000024d6f3bf000 DEOPT UNPACKING pc=0x0000024d1e133aa2 sp=0x00000086c11fe1f8 mode 2
Event: 198.247 Thread 0x0000024d6f3bf000 DEOPT PACKING pc=0x0000024d17a885a1 sp=0x00000086c11fe490
Event: 198.247 Thread 0x0000024d6f3bf000 DEOPT UNPACKING pc=0x0000024d1e134242 sp=0x00000086c11fd960 mode 0
Event: 198.456 Thread 0x0000024d6f3bf000 Uncommon trap: trap_request=0xffffff45 fr.pc=0x0000024d1ed8a97c relative=0x000000000000099c
Event: 198.456 Thread 0x0000024d6f3bf000 Uncommon trap: reason=unstable_if action=reinterpret pc=0x0000024d1ed8a97c method=org.eclipse.jdt.internal.core.NameLookup.seekTypesInWorkingCopies(Ljava/lang/String;Lorg/eclipse/jdt/core/IPackageFragment;IZLjava/lang/String;ILorg/eclipse/jdt/internal/cor
Event: 198.456 Thread 0x0000024d6f3bf000 DEOPT PACKING pc=0x0000024d1ed8a97c sp=0x00000086c11fd910
Event: 198.456 Thread 0x0000024d6f3bf000 DEOPT UNPACKING pc=0x0000024d1e133aa2 sp=0x00000086c11fd858 mode 2
Event: 198.652 Thread 0x0000024d6f3bcf30 DEOPT PACKING pc=0x0000024d17bdd4fe sp=0x00000086c1afdfd0
Event: 198.652 Thread 0x0000024d6f3bcf30 DEOPT UNPACKING pc=0x0000024d1e134242 sp=0x00000086c1afd498 mode 0

Classes loaded (20 events):
Event: 138.355 Loading class java/util/stream/SpinedBuffer$OfInt done
Event: 138.605 Loading class java/util/stream/Nodes$IntSpinedNodeBuilder done
Event: 138.607 Loading class java/util/stream/IntPipeline$10$1
Event: 138.608 Loading class java/util/stream/Sink$ChainedInt
Event: 138.608 Loading class java/util/stream/Sink$ChainedInt done
Event: 138.608 Loading class java/util/stream/IntPipeline$10$1 done
Event: 139.661 Loading class java/util/stream/IntPipeline$1
Event: 139.662 Loading class java/util/stream/IntPipeline$1 done
Event: 139.662 Loading class java/util/stream/IntPipeline$1$1
Event: 139.662 Loading class java/util/stream/IntPipeline$1$1 done
Event: 139.802 Loading class java/util/stream/ReferencePipeline$4
Event: 139.802 Loading class java/util/stream/ReferencePipeline$4 done
Event: 139.802 Loading class java/util/stream/Nodes$IntFixedNodeBuilder
Event: 139.802 Loading class java/util/stream/Nodes$IntArrayNode
Event: 139.802 Loading class java/util/stream/Nodes$IntArrayNode done
Event: 139.802 Loading class java/util/stream/Nodes$IntFixedNodeBuilder done
Event: 139.803 Loading class java/util/stream/ReferencePipeline$4$1
Event: 139.803 Loading class java/util/stream/ReferencePipeline$4$1 done
Event: 150.101 Loading class java/util/concurrent/CompletionException
Event: 150.307 Loading class java/util/concurrent/CompletionException done

Classes unloaded (7 events):
Event: 81.782 Thread 0x0000024d1390f150 Unloading class 0x0000024d29194c00 'java/lang/invoke/LambdaForm$MH+0x0000024d29194c00'
Event: 81.782 Thread 0x0000024d1390f150 Unloading class 0x0000024d29194800 'java/lang/invoke/LambdaForm$MH+0x0000024d29194800'
Event: 81.782 Thread 0x0000024d1390f150 Unloading class 0x0000024d29194400 'java/lang/invoke/LambdaForm$MH+0x0000024d29194400'
Event: 81.782 Thread 0x0000024d1390f150 Unloading class 0x0000024d29194000 'java/lang/invoke/LambdaForm$MH+0x0000024d29194000'
Event: 81.782 Thread 0x0000024d1390f150 Unloading class 0x0000024d29193c00 'java/lang/invoke/LambdaForm$BMH+0x0000024d29193c00'
Event: 81.782 Thread 0x0000024d1390f150 Unloading class 0x0000024d29193800 'java/lang/invoke/LambdaForm$DMH+0x0000024d29193800'
Event: 81.782 Thread 0x0000024d1390f150 Unloading class 0x0000024d29192400 'java/lang/invoke/LambdaForm$DMH+0x0000024d29192400'

Classes redefined (0 events):
No events

Internal exceptions (20 events):
Event: 151.530 Thread 0x0000024d6f3bf000 Exception <a 'java/lang/ArrayIndexOutOfBoundsException'{0x00000000ead46ef0}: Index 113 out of bounds for length 112> (0x00000000ead46ef0) 
thrown [s\src\hotspot\share\interpreter\interpreterRuntime.cpp, line 439]
Event: 151.759 Thread 0x0000024d6f3bf000 Exception <a 'java/lang/ArrayIndexOutOfBoundsException'{0x00000000eac00a58}: Index 111 out of bounds for length 111> (0x00000000eac00a58) 
thrown [s\src\hotspot\share\interpreter\interpreterRuntime.cpp, line 439]
Event: 151.763 Thread 0x0000024d6f3bf000 Exception <a 'java/lang/ArrayIndexOutOfBoundsException'{0x00000000eacf9be0}: Index 111 out of bounds for length 111> (0x00000000eacf9be0) 
thrown [s\src\hotspot\share\interpreter\interpreterRuntime.cpp, line 439]
Event: 151.763 Thread 0x0000024d6f3bf000 Exception <a 'java/lang/ArrayIndexOutOfBoundsException'{0x00000000eacfb158}: Index 111 out of bounds for length 111> (0x00000000eacfb158) 
thrown [s\src\hotspot\share\interpreter\interpreterRuntime.cpp, line 439]
Event: 151.763 Thread 0x0000024d6f3bf000 Exception <a 'java/lang/ArrayIndexOutOfBoundsException'{0x00000000ead140a8}: Index 112 out of bounds for length 111> (0x00000000ead140a8) 
thrown [s\src\hotspot\share\interpreter\interpreterRuntime.cpp, line 439]
Event: 152.331 Thread 0x0000024d6f3bf000 Exception <a 'java/lang/IncompatibleClassChangeError'{0x00000000eab4ac20}: Found class java.lang.Object, but interface was expected> (0x00000000eab4ac20) 
thrown [s\src\hotspot\share\interpreter\linkResolver.cpp, line 840]
Event: 154.678 Thread 0x0000024d6f3bb4f0 Exception <a 'java/lang/NoSuchMethodError'{0x00000000eaca9c90}: 'java.lang.Object java.lang.invoke.DirectMethodHandle$Holder.invokeStatic(java.lang.Object, int, int, java.lang.Object)'> (0x00000000eaca9c90) 
thrown [s\src\hotspot\share\interpreter\linkResolver.cpp, line 773]
Event: 155.326 Thread 0x0000024d6f3c2480 Exception <a 'java/lang/NoSuchMethodError'{0x00000000eab47d18}: 'java.lang.Object java.lang.invoke.DirectMethodHandle$Holder.invokeStatic(java.lang.Object, int, java.lang.Object)'> (0x00000000eab47d18) 
thrown [s\src\hotspot\share\interpreter\linkResolver.cpp, line 773]
Event: 155.328 Thread 0x0000024d6f3bf000 Exception <a 'java/lang/IncompatibleClassChangeError'{0x00000000eabca048}: Found class java.lang.Object, but interface was expected> (0x00000000eabca048) 
thrown [s\src\hotspot\share\interpreter\linkResolver.cpp, line 840]
Event: 155.524 Thread 0x0000024d6f3bcf30 Exception <a 'java/lang/ArrayIndexOutOfBoundsException'{0x00000000eac15518}: Index 116 out of bounds for length 116> (0x00000000eac15518) 
thrown [s\src\hotspot\share\interpreter\interpreterRuntime.cpp, line 439]
Event: 178.431 Thread 0x0000024d6f3bf000 Exception <a 'java/lang/ArrayIndexOutOfBoundsException'{0x00000000eab1f938}: Index 116 out of bounds for length 116> (0x00000000eab1f938) 
thrown [s\src\hotspot\share\interpreter\interpreterRuntime.cpp, line 439]
Event: 183.306 Thread 0x0000024d6f3c2480 Exception <a 'java/lang/ArrayIndexOutOfBoundsException'{0x00000000eab0bfb0}: Index 115 out of bounds for length 115> (0x00000000eab0bfb0) 
thrown [s\src\hotspot\share\interpreter\interpreterRuntime.cpp, line 439]
Event: 184.788 Thread 0x0000024d6f3bcf30 Exception <a 'java/lang/ArrayIndexOutOfBoundsException'{0x00000000eab4d0a8}: Index 115 out of bounds for length 115> (0x00000000eab4d0a8) 
thrown [s\src\hotspot\share\interpreter\interpreterRuntime.cpp, line 439]
Event: 194.642 Thread 0x0000024d6f3bf000 Exception <a 'java/lang/ArrayIndexOutOfBoundsException'{0x00000000eab09430}: Index 131 out of bounds for length 131> (0x00000000eab09430) 
thrown [s\src\hotspot\share\interpreter\interpreterRuntime.cpp, line 439]
Event: 196.436 Thread 0x0000024d6f3bf000 Exception <a 'java/lang/ArrayIndexOutOfBoundsException'{0x00000000eab45a68}> (0x00000000eab45a68) 
thrown [s\src\hotspot\share\runtime\sharedRuntime.cpp, line 625]
Event: 196.437 Thread 0x0000024d6f3bf000 Exception <a 'java/lang/ArrayIndexOutOfBoundsException'{0x00000000eab48160}> (0x00000000eab48160) 
thrown [s\src\hotspot\share\runtime\sharedRuntime.cpp, line 625]
Event: 196.438 Thread 0x0000024d6f3bf000 Exception <a 'java/lang/ArrayIndexOutOfBoundsException'{0x00000000eab489a0}> (0x00000000eab489a0) 
thrown [s\src\hotspot\share\runtime\sharedRuntime.cpp, line 625]
Event: 196.631 Thread 0x0000024d6e3b4380 Exception <a 'sun/nio/fs/WindowsException'{0x00000000eab021b0}> (0x00000000eab021b0) 
thrown [s\src\hotspot\share\prims\jni.cpp, line 520]
Event: 196.948 Thread 0x0000024d6f3bf000 Exception <a 'java/lang/IncompatibleClassChangeError'{0x00000000eababea8}: Found class java.lang.Object, but interface was expected> (0x00000000eababea8) 
thrown [s\src\hotspot\share\interpreter\linkResolver.cpp, line 840]
Event: 198.451 Thread 0x0000024d6f3bf000 Exception <a 'java/lang/ArrayIndexOutOfBoundsException'{0x00000000eab40758}> (0x00000000eab40758) 
thrown [s\src\hotspot\share\runtime\sharedRuntime.cpp, line 625]

ZGC Phase Switch (0 events):
No events

VM Operations (20 events):
Event: 196.741 Executing VM operation: ParallelGCFailedAllocation (Allocation Failure)
Event: 196.743 Executing VM operation: ParallelGCFailedAllocation (Allocation Failure) done
Event: 196.747 Executing VM operation: ParallelGCFailedAllocation (Allocation Failure)
Event: 196.749 Executing VM operation: ParallelGCFailedAllocation (Allocation Failure) done
Event: 197.138 Executing VM operation: ParallelGCFailedAllocation (Allocation Failure)
Event: 197.139 Executing VM operation: ParallelGCFailedAllocation (Allocation Failure) done
Event: 197.857 Executing VM operation: ParallelGCFailedAllocation (Allocation Failure)
Event: 197.899 Executing VM operation: ParallelGCFailedAllocation (Allocation Failure) done
Event: 198.244 Executing VM operation: ParallelGCFailedAllocation (Allocation Failure)
Event: 198.246 Executing VM operation: ParallelGCFailedAllocation (Allocation Failure) done
Event: 198.401 Executing VM operation: ParallelGCFailedAllocation (Allocation Failure)
Event: 198.403 Executing VM operation: ParallelGCFailedAllocation (Allocation Failure) done
Event: 198.405 Executing VM operation: ParallelGCFailedAllocation (Allocation Failure)
Event: 198.407 Executing VM operation: ParallelGCFailedAllocation (Allocation Failure) done
Event: 198.409 Executing VM operation: ParallelGCFailedAllocation (Allocation Failure)
Event: 198.411 Executing VM operation: ParallelGCFailedAllocation (Allocation Failure) done
Event: 198.446 Executing VM operation: ParallelGCFailedAllocation (Allocation Failure)
Event: 198.449 Executing VM operation: ParallelGCFailedAllocation (Allocation Failure) done
Event: 198.663 Executing VM operation: ParallelGCFailedAllocation (Allocation Failure)
Event: 198.667 Executing VM operation: ParallelGCFailedAllocation (Allocation Failure) done

Memory protections (0 events):
No events

Nmethod flushes (20 events):
Event: 121.232 Thread 0x0000024d1390f150 flushing  nmethod 0x0000024d17519710
Event: 121.232 Thread 0x0000024d1390f150 flushing  nmethod 0x0000024d1751b110
Event: 121.232 Thread 0x0000024d1390f150 flushing  nmethod 0x0000024d1751b510
Event: 121.232 Thread 0x0000024d1390f150 flushing  nmethod 0x0000024d1751b990
Event: 121.232 Thread 0x0000024d1390f150 flushing  nmethod 0x0000024d17521e90
Event: 121.232 Thread 0x0000024d1390f150 flushing  nmethod 0x0000024d17522b90
Event: 121.232 Thread 0x0000024d1390f150 flushing  nmethod 0x0000024d17522f90
Event: 121.232 Thread 0x0000024d1390f150 flushing  nmethod 0x0000024d17523b90
Event: 121.232 Thread 0x0000024d1390f150 flushing  nmethod 0x0000024d1753c510
Event: 121.232 Thread 0x0000024d1390f150 flushing  nmethod 0x0000024d17556510
Event: 121.232 Thread 0x0000024d1390f150 flushing  nmethod 0x0000024d1755ca10
Event: 121.232 Thread 0x0000024d1390f150 flushing  nmethod 0x0000024d1755d590
Event: 121.232 Thread 0x0000024d1390f150 flushing  nmethod 0x0000024d1758b890
Event: 121.232 Thread 0x0000024d1390f150 flushing  nmethod 0x0000024d1758bc90
Event: 121.232 Thread 0x0000024d1390f150 flushing  nmethod 0x0000024d1758d210
Event: 121.232 Thread 0x0000024d1390f150 flushing  nmethod 0x0000024d1758de90
Event: 121.232 Thread 0x0000024d1390f150 flushing  nmethod 0x0000024d17597790
Event: 121.232 Thread 0x0000024d1390f150 flushing  nmethod 0x0000024d1759e710
Event: 121.232 Thread 0x0000024d1390f150 flushing  nmethod 0x0000024d175b7810
Event: 121.232 Thread 0x0000024d1390f150 flushing  nmethod 0x0000024d175bb010

Events (20 events):
Event: 119.309 Thread 0x0000024d6f3bc210 Thread exited: 0x0000024d6f3bc210
Event: 119.309 Thread 0x0000024d6f3bb4f0 Thread exited: 0x0000024d6f3bb4f0
Event: 119.309 Thread 0x0000024d6f3bfd20 Thread exited: 0x0000024d6f3bfd20
Event: 121.966 Thread 0x0000024d6f3c03b0 Thread added: 0x0000024d6f3c0a40
Event: 123.368 Thread 0x0000024d6e3b0870 Thread added: 0x0000024d6f3bcf30
Event: 123.512 Thread 0x0000024d6f3bcf30 Thread exited: 0x0000024d6f3bcf30
Event: 123.802 Thread 0x0000024d6e3b0870 Thread added: 0x0000024d6f3c10d0
Event: 123.963 Thread 0x0000024d6f3bf000 Thread added: 0x0000024d6f3c2480
Event: 123.968 Thread 0x0000024d6f3bf000 Thread added: 0x0000024d6f3bcf30
Event: 123.975 Thread 0x0000024d6f3bf000 Thread added: 0x0000024d6f3bb4f0
Event: 124.100 Thread 0x0000024d6f3c1760 Thread added: 0x0000024d6f3c1df0
Event: 124.100 Thread 0x0000024d6f3c1760 Thread added: 0x0000024d6f3bc210
Event: 124.286 Thread 0x0000024d6f3c1760 Thread added: 0x0000024d6f3be2e0
Event: 124.383 Thread 0x0000024d6f3c1760 Thread added: 0x0000024d6f3bd5c0
Event: 126.459 Thread 0x0000024d6f3c2480 Thread added: 0x0000024d6f3be970
Event: 129.591 Thread 0x0000024d6f3be970 Thread exited: 0x0000024d6f3be970
Event: 134.707 Thread 0x0000024d6f3c10d0 Thread exited: 0x0000024d6f3c10d0
Event: 184.488 Thread 0x0000024d6f3be2e0 Thread exited: 0x0000024d6f3be2e0
Event: 191.276 Thread 0x0000024d6e3b2940 Thread exited: 0x0000024d6e3b2940
Event: 193.677 Thread 0x0000024d6f3c03b0 Thread exited: 0x0000024d6f3c03b0


Dynamic libraries:
0x00007ff63b920000 - 0x00007ff63b92e000 	c:\Users\PWD EDU\.vscode\extensions\redhat.java-1.39.0-win32-x64\jre\21.0.5-win32-x86_64\bin\java.exe
0x00007ffcdcc70000 - 0x00007ffcdce68000 	C:\WINDOWS\SYSTEM32\ntdll.dll
0x00007ffcdb570000 - 0x00007ffcdb632000 	C:\WINDOWS\System32\KERNEL32.DLL
0x00007ffcda5a0000 - 0x00007ffcda89f000 	C:\WINDOWS\System32\KERNELBASE.dll
0x00007ffcda400000 - 0x00007ffcda500000 	C:\WINDOWS\System32\ucrtbase.dll
0x00007ffcc9d10000 - 0x00007ffcc9d28000 	c:\Users\PWD EDU\.vscode\extensions\redhat.java-1.39.0-win32-x64\jre\21.0.5-win32-x86_64\bin\jli.dll
0x00007ffcc84f0000 - 0x00007ffcc850e000 	c:\Users\PWD EDU\.vscode\extensions\redhat.java-1.39.0-win32-x64\jre\21.0.5-win32-x86_64\bin\VCRUNTIME140.dll
0x00007ffcdb170000 - 0x00007ffcdb30d000 	C:\WINDOWS\System32\USER32.dll
0x00007ffcdab90000 - 0x00007ffcdabb2000 	C:\WINDOWS\System32\win32u.dll
0x00007ffcdb6c0000 - 0x00007ffcdb6eb000 	C:\WINDOWS\System32\GDI32.dll
0x00007ffcdabc0000 - 0x00007ffcdacd7000 	C:\WINDOWS\System32\gdi32full.dll
0x00007ffcc99b0000 - 0x00007ffcc9c4a000 	C:\WINDOWS\WinSxS\amd64_microsoft.windows.common-controls_6595b64144ccf1df_6.0.19041.4355_none_60b8b9eb71f62e16\COMCTL32.dll
0x00007ffcda360000 - 0x00007ffcda3fd000 	C:\WINDOWS\System32\msvcp_win.dll
0x00007ffcdcb60000 - 0x00007ffcdcbfe000 	C:\WINDOWS\System32\msvcrt.dll
0x00007ffcdcc00000 - 0x00007ffcdcc2f000 	C:\WINDOWS\System32\IMM32.DLL
0x00007ffccde10000 - 0x00007ffccde1c000 	c:\Users\PWD EDU\.vscode\extensions\redhat.java-1.39.0-win32-x64\jre\21.0.5-win32-x86_64\bin\vcruntime140_1.dll
0x00007ffcb0630000 - 0x00007ffcb06bd000 	c:\Users\PWD EDU\.vscode\extensions\redhat.java-1.39.0-win32-x64\jre\21.0.5-win32-x86_64\bin\msvcp140.dll
0x00007ffc918b0000 - 0x00007ffc9263f000 	c:\Users\PWD EDU\.vscode\extensions\redhat.java-1.39.0-win32-x64\jre\21.0.5-win32-x86_64\bin\server\jvm.dll
0x00007ffcdbd20000 - 0x00007ffcdbdd1000 	C:\WINDOWS\System32\ADVAPI32.dll
0x00007ffcdc930000 - 0x00007ffcdc9cf000 	C:\WINDOWS\System32\sechost.dll
0x00007ffcdbee0000 - 0x00007ffcdc003000 	C:\WINDOWS\System32\RPCRT4.dll
0x00007ffcda500000 - 0x00007ffcda527000 	C:\WINDOWS\System32\bcrypt.dll
0x00007ffcdc9d0000 - 0x00007ffcdca3b000 	C:\WINDOWS\System32\WS2_32.dll
0x00007ffcda110000 - 0x00007ffcda15b000 	C:\WINDOWS\SYSTEM32\POWRPROF.dll
0x00007ffcca880000 - 0x00007ffcca8a7000 	C:\WINDOWS\SYSTEM32\WINMM.dll
0x00007ffcd0df0000 - 0x00007ffcd0dfa000 	C:\WINDOWS\SYSTEM32\VERSION.dll
0x00007ffcda0f0000 - 0x00007ffcda102000 	C:\WINDOWS\SYSTEM32\UMPDC.dll
0x00007ffcd81c0000 - 0x00007ffcd81d2000 	C:\WINDOWS\SYSTEM32\kernel.appcore.dll
0x00007ffcc9d90000 - 0x00007ffcc9d9a000 	c:\Users\PWD EDU\.vscode\extensions\redhat.java-1.39.0-win32-x64\jre\21.0.5-win32-x86_64\bin\jimage.dll
0x00007ffcc8f60000 - 0x00007ffcc9144000 	C:\WINDOWS\SYSTEM32\DBGHELP.DLL
0x00007ffcc8f20000 - 0x00007ffcc8f54000 	C:\WINDOWS\SYSTEM32\dbgcore.DLL
0x00007ffcda950000 - 0x00007ffcda9d2000 	C:\WINDOWS\System32\bcryptPrimitives.dll
0x00007ffcc9970000 - 0x00007ffcc997f000 	c:\Users\PWD EDU\.vscode\extensions\redhat.java-1.39.0-win32-x64\jre\21.0.5-win32-x86_64\bin\instrument.dll
0x00007ffcc0dd0000 - 0x00007ffcc0def000 	c:\Users\PWD EDU\.vscode\extensions\redhat.java-1.39.0-win32-x64\jre\21.0.5-win32-x86_64\bin\java.dll
0x00007ffcdc1c0000 - 0x00007ffcdc92e000 	C:\WINDOWS\System32\SHELL32.dll
0x00007ffcd83c0000 - 0x00007ffcd8b64000 	C:\WINDOWS\SYSTEM32\windows.storage.dll
0x00007ffcdb6f0000 - 0x00007ffcdba45000 	C:\WINDOWS\System32\combase.dll
0x00007ffcd9cc0000 - 0x00007ffcd9cef000 	C:\WINDOWS\SYSTEM32\Wldp.dll
0x00007ffcdb320000 - 0x00007ffcdb3ed000 	C:\WINDOWS\System32\OLEAUT32.dll
0x00007ffcdcaa0000 - 0x00007ffcdcb4d000 	C:\WINDOWS\System32\SHCORE.dll
0x00007ffcdbcc0000 - 0x00007ffcdbd15000 	C:\WINDOWS\System32\shlwapi.dll
0x00007ffcda290000 - 0x00007ffcda2b4000 	C:\WINDOWS\SYSTEM32\profapi.dll
0x00007ffcc0d70000 - 0x00007ffcc0d88000 	c:\Users\PWD EDU\.vscode\extensions\redhat.java-1.39.0-win32-x64\jre\21.0.5-win32-x86_64\bin\zip.dll
0x00007ffcd33b0000 - 0x00007ffcd33c0000 	C:\Users\PWD EDU\.vscode\extensions\redhat.java-1.39.0-win32-x64\jre\21.0.5-win32-x86_64\bin\net.dll
0x00007ffcd25f0000 - 0x00007ffcd26fd000 	C:\WINDOWS\SYSTEM32\WINHTTP.dll
0x00007ffcd9a20000 - 0x00007ffcd9a8a000 	C:\WINDOWS\system32\mswsock.dll
0x00007ffcc0920000 - 0x00007ffcc0936000 	C:\Users\PWD EDU\.vscode\extensions\redhat.java-1.39.0-win32-x64\jre\21.0.5-win32-x86_64\bin\nio.dll
0x00007ffcc9870000 - 0x00007ffcc9880000 	c:\Users\PWD EDU\.vscode\extensions\redhat.java-1.39.0-win32-x64\jre\21.0.5-win32-x86_64\bin\verify.dll
0x00007ffcb5a50000 - 0x00007ffcb5a95000 	C:\Users\PWD EDU\AppData\Roaming\Code\User\globalStorage\redhat.java\1.39.0\config_win\org.eclipse.equinox.launcher\org.eclipse.equinox.launcher.win32.win32.x86_64_1.2.1100.v20240722-2106\eclipse_11904.dll
0x00007ffcdbb90000 - 0x00007ffcdbcbb000 	C:\WINDOWS\System32\ole32.dll
0x00007ffcc6790000 - 0x00007ffcc679a000 	C:\Users\PWD EDU\.vscode\extensions\redhat.java-1.39.0-win32-x64\jre\21.0.5-win32-x86_64\bin\management.dll
0x00007ffcc3ba0000 - 0x00007ffcc3bab000 	C:\Users\PWD EDU\.vscode\extensions\redhat.java-1.39.0-win32-x64\jre\21.0.5-win32-x86_64\bin\management_ext.dll
0x00007ffcdb160000 - 0x00007ffcdb168000 	C:\WINDOWS\System32\PSAPI.DLL
0x00007ffcd9c10000 - 0x00007ffcd9c28000 	C:\WINDOWS\SYSTEM32\CRYPTSP.dll
0x00007ffcd9340000 - 0x00007ffcd9374000 	C:\WINDOWS\system32\rsaenh.dll
0x00007ffcda250000 - 0x00007ffcda27e000 	C:\WINDOWS\SYSTEM32\USERENV.dll
0x00007ffcd9c30000 - 0x00007ffcd9c3c000 	C:\WINDOWS\SYSTEM32\CRYPTBASE.dll
0x00007ffcd9700000 - 0x00007ffcd973b000 	C:\WINDOWS\SYSTEM32\IPHLPAPI.DLL
0x00007ffcdcb50000 - 0x00007ffcdcb58000 	C:\WINDOWS\System32\NSI.dll
0x00007ffcbf7e0000 - 0x00007ffcbf829000 	C:\Users\PWD EDU\AppData\Local\Temp\jna-540407827\jna8886885203706989941.dll
0x00007ffcd0f50000 - 0x00007ffcd0f67000 	C:\WINDOWS\SYSTEM32\dhcpcsvc6.DLL
0x00007ffcd2260000 - 0x00007ffcd227d000 	C:\WINDOWS\SYSTEM32\dhcpcsvc.DLL
0x00007ffcd1c90000 - 0x00007ffcd1c9e000 	C:\Users\PWD EDU\.vscode\extensions\redhat.java-1.39.0-win32-x64\jre\21.0.5-win32-x86_64\bin\sunmscapi.dll
0x00007ffcda9e0000 - 0x00007ffcdab3c000 	C:\WINDOWS\System32\CRYPT32.dll
0x00007ffcd9d90000 - 0x00007ffcd9db7000 	C:\WINDOWS\SYSTEM32\ncrypt.dll
0x00007ffcd9d50000 - 0x00007ffcd9d8b000 	C:\WINDOWS\SYSTEM32\NTASN1.dll
0x00007ffcd9740000 - 0x00007ffcd980a000 	C:\WINDOWS\SYSTEM32\DNSAPI.dll
0x00007ffcd35c0000 - 0x00007ffcd35ca000 	C:\Windows\System32\rasadhlp.dll
0x00007ffcc7910000 - 0x00007ffcc7990000 	C:\WINDOWS\System32\fwpuclnt.dll
0x00007ffcca920000 - 0x00007ffcca929000 	C:\Users\PWD EDU\.vscode\extensions\redhat.java-1.39.0-win32-x64\jre\21.0.5-win32-x86_64\bin\extnet.dll

dbghelp: loaded successfully - version: 4.0.5 - missing functions: none
symbol engine: initialized successfully - sym options: 0x614 - pdb path: .;c:\Users\PWD EDU\.vscode\extensions\redhat.java-1.39.0-win32-x64\jre\21.0.5-win32-x86_64\bin;C:\WINDOWS\SYSTEM32;C:\WINDOWS\WinSxS\amd64_microsoft.windows.common-controls_6595b64144ccf1df_6.0.19041.4355_none_60b8b9eb71f62e16;c:\Users\PWD EDU\.vscode\extensions\redhat.java-1.39.0-win32-x64\jre\21.0.5-win32-x86_64\bin\server;C:\Users\PWD EDU\AppData\Roaming\Code\User\globalStorage\redhat.java\1.39.0\config_win\org.eclipse.equinox.launcher\org.eclipse.equinox.launcher.win32.win32.x86_64_1.2.1100.v20240722-2106;C:\Users\PWD EDU\AppData\Local\Temp\jna-540407827

VM Arguments:
jvm_args: --add-modules=ALL-SYSTEM --add-opens=java.base/java.util=ALL-UNNAMED --add-opens=java.base/java.lang=ALL-UNNAMED --add-opens=java.base/sun.nio.fs=ALL-UNNAMED -Declipse.application=org.eclipse.jdt.ls.core.id1 -Dosgi.bundles.defaultStartLevel=4 -Declipse.product=org.eclipse.jdt.ls.core.product -Djava.import.generatesMetadataFilesAtProjectRoot=false -DDetectVMInstallationsJob.disabled=true -Dfile.encoding=utf8 -XX:+UseParallelGC -XX:GCTimeRatio=4 -XX:AdaptiveSizePolicyWeight=90 -Dsun.zip.disableMemoryMapping=true -Xmx1G -Xms100m -Xlog:disable -javaagent:c:\Users\PWD EDU\.vscode\extensions\redhat.java-1.39.0-win32-x64\lombok\lombok-1.18.34.jar -XX:+HeapDumpOnOutOfMemoryError -XX:HeapDumpPath=c:\Users\PWD EDU\AppData\Roaming\Code\User\workspaceStorage\5671c5f28bfb7e9067cf771c2b3cd341\redhat.java -Daether.dependencyCollector.impl=bf 
java_command: c:\Users\PWD EDU\.vscode\extensions\redhat.java-1.39.0-win32-x64\server\plugins\org.eclipse.equinox.launcher_1.6.900.v20240613-2009.jar -configuration c:\Users\PWD EDU\AppData\Roaming\Code\User\globalStorage\redhat.java\1.39.0\config_win -data c:\Users\PWD EDU\AppData\Roaming\Code\User\workspaceStorage\5671c5f28bfb7e9067cf771c2b3cd341\redhat.java\jdt_ws --pipe=\\.\pipe\lsp-57ebbb33265a5bbdc7f7ec615bb5db41-sock
java_class_path (initial): c:\Users\PWD EDU\.vscode\extensions\redhat.java-1.39.0-win32-x64\server\plugins\org.eclipse.equinox.launcher_1.6.900.v20240613-2009.jar
Launcher Type: SUN_STANDARD

[Global flags]
    uintx AdaptiveSizePolicyWeight                 = 90                                        {product} {command line}
     intx CICompilerCount                          = 3                                         {product} {ergonomic}
    uintx GCTimeRatio                              = 4                                         {product} {command line}
     bool HeapDumpOnOutOfMemoryError               = true                                   {manageable} {command line}
    ccstr HeapDumpPath                             = c:\Users\PWD EDU\AppData\Roaming\Code\User\workspaceStorage\5671c5f28bfb7e9067cf771c2b3cd341\redhat.java         {manageable} {command line}
   size_t InitialHeapSize                          = 104857600                                 {product} {command line}
   size_t MaxHeapSize                              = 1073741824                                {product} {command line}
   size_t MaxNewSize                               = 357564416                                 {product} {ergonomic}
   size_t MinHeapDeltaBytes                        = 524288                                    {product} {ergonomic}
   size_t MinHeapSize                              = 104857600                                 {product} {command line}
   size_t NewSize                                  = 34603008                                  {product} {ergonomic}
    uintx NonNMethodCodeHeapSize                   = 5832780                                {pd product} {ergonomic}
    uintx NonProfiledCodeHeapSize                  = 122912730                              {pd product} {ergonomic}
   size_t OldSize                                  = 70254592                                  {product} {ergonomic}
    uintx ProfiledCodeHeapSize                     = 122912730                              {pd product} {ergonomic}
    uintx ReservedCodeCacheSize                    = 251658240                              {pd product} {ergonomic}
     bool SegmentedCodeCache                       = true                                      {product} {ergonomic}
   size_t SoftMaxHeapSize                          = 1073741824                             {manageable} {ergonomic}
     bool UseCompressedOops                        = true                           {product lp64_product} {ergonomic}
     bool UseLargePagesIndividualAllocation        = false                                  {pd product} {ergonomic}
     bool UseParallelGC                            = true                                      {product} {command line}

Logging:
Log output configuration:
 #0: stdout all=off uptime,level,tags foldmultilines=false
 #1: stderr all=off uptime,level,tags foldmultilines=false

Environment Variables:
PATH=C:\Program Files\Common Files\Oracle\Java\javapath;C:\Program Files (x86)\Common Files\Oracle\Java\javapath;C:\Program Files\Broadcom\Broadcom 802.11;c:\Program Files (x86)\Intel\iCLS Client\;c:\Program Files\Intel\iCLS Client\;C:\Program Files (x86)\NVIDIA Corporation\PhysX\Common;C:\WINDOWS\system32;C:\WINDOWS;C:\WINDOWS\System32\Wbem;C:\WINDOWS\System32\WindowsPowerShell\v1.0\;C:\Program Files\Intel\Intel(R) Management Engine Components\DAL;C:\Program Files\Intel\Intel(R) Management Engine Components\IPT;C:\Program Files (x86)\Intel\Intel(R) Management Engine Components\DAL;C:\Program Files (x86)\Intel\Intel(R) Management Engine Components\IPT;C:\Program Files\Hewlett-Packard\SimplePass\;C:\WINDOWS\System32\OpenSSH\;C:\MinGW\bin;C:\Program Files\Git\cmd;C:\Program Files\Git\mingw64\bin;C:\Program Files\Git\usr\bin;C:\Users\PWD EDU\AppData\Local\Programs\Python\Python312\Scripts\;C:\Users\PWD EDU\AppData\Local\Programs\Python\Python312\;C:\Users\PWD EDU\AppData\Local\Microsoft\WindowsApps;C:\Users\PWD EDU\AppData\Local\Programs\Microsoft VS Code\bin;C:\Users\PWD EDU\Downloads\flutter_windows_3.24.3-stable\flutter\bin;
USERNAME=PWD EDU
OS=Windows_NT
PROCESSOR_IDENTIFIER=Intel64 Family 6 Model 60 Stepping 3, GenuineIntel
TMP=C:\Users\PWDEDU~1\AppData\Local\Temp
TEMP=C:\Users\PWDEDU~1\AppData\Local\Temp




Periodic native trim disabled

---------------  S Y S T E M  ---------------

OS:
 Windows 10 , 64 bit Build 19041 (10.0.19041.5198)
OS uptime: 0 days 3:13 hours

CPU: total 4 (initial active 4) (4 cores per cpu, 1 threads per core) family 6 model 60 stepping 3 microcode 0x27, cx8, cmov, fxsr, mmx, sse, sse2, sse3, ssse3, sse4.1, sse4.2, popcnt, lzcnt, tsc, tscinvbit, avx, avx2, aes, erms, clmul, bmi1, bmi2, fma, vzeroupper, clflush, rdtscp, f16c
Processor Information for all 4 processors :
  Max Mhz: 2001, Current Mhz: 2001, Mhz Limit: 2001

Memory: 4k page, system-wide physical 3976M (321M free)
TotalPageFile size 8072M (AvailPageFile size 510M)
current process WorkingSet (physical memory assigned to process): 452M, peak: 527M
current process commit charge ("private bytes"): 763M, peak: 764M

vm_info: OpenJDK 64-Bit Server VM (21.0.5+11-LTS) for windows-amd64 JRE (21.0.5+11-LTS), built on 2024-10-15T00:00:00Z by "admin" with MS VC++ 17.7 (VS2022)

END.
