#
# There is insufficient memory for the Java Runtime Environment to continue.
# Native memory allocation (malloc) failed to allocate 1629776 bytes. Error detail: Chunk::new
# Possible reasons:
#   The system is out of physical RAM or swap space
#   This process is running with CompressedOops enabled, and the Java Heap may be blocking the growth of the native heap
# Possible solutions:
#   Reduce memory load on the system
#   Increase physical memory or swap space
#   Check if swap backing store is full
#   Decrease Java heap size (-Xmx/-Xms)
#   Decrease number of Java threads
#   Decrease Java thread stack sizes (-Xss)
#   Set larger code cache with -XX:ReservedCodeCacheSize=
#   JVM is running with Unscaled Compressed Oops mode in which the Java heap is
#     placed in the first 4GB address space. The Java Heap base address is the
#     maximum limit for the native heap growth. Please use -XX:HeapBaseMinAddress
#     to set the Java Heap base and to place the Java Heap above 4GB virtual address.
# This output file may be truncated or incomplete.
#
#  Out of Memory Error (arena.cpp:168), pid=6768, tid=4816
#
# JRE version: OpenJDK Runtime Environment Temurin-21.0.5+11 (21.0.5+11) (build 21.0.5+11-LTS)
# Java VM: OpenJDK 64-Bit Server VM Temurin-21.0.5+11 (21.0.5+11-LTS, mixed mode, sharing, tiered, compressed oops, compressed class ptrs, parallel gc, windows-amd64)
# No core dump will be written. Minidumps are not enabled by default on client versions of Windows
#

---------------  S U M M A R Y ------------

Command Line: --add-modules=ALL-SYSTEM --add-opens=java.base/java.util=ALL-UNNAMED --add-opens=java.base/java.lang=ALL-UNNAMED --add-opens=java.base/sun.nio.fs=ALL-UNNAMED -Declipse.application=org.eclipse.jdt.ls.core.id1 -Dosgi.bundles.defaultStartLevel=4 -Declipse.product=org.eclipse.jdt.ls.core.product -Djava.import.generatesMetadataFilesAtProjectRoot=false -DDetectVMInstallationsJob.disabled=true -Dfile.encoding=utf8 -XX:+UseParallelGC -XX:GCTimeRatio=4 -XX:AdaptiveSizePolicyWeight=90 -Dsun.zip.disableMemoryMapping=true -Xmx1G -Xms100m -Xlog:disable -javaagent:c:\Users\PWD EDU\.vscode\extensions\redhat.java-1.39.0-win32-x64\lombok\lombok-1.18.34.jar -XX:+HeapDumpOnOutOfMemoryError -XX:HeapDumpPath=c:\Users\PWD EDU\AppData\Roaming\Code\User\workspaceStorage\5671c5f28bfb7e9067cf771c2b3cd341\redhat.java -Daether.dependencyCollector.impl=bf c:\Users\PWD EDU\.vscode\extensions\redhat.java-1.39.0-win32-x64\server\plugins\org.eclipse.equinox.launcher_1.6.900.v20240613-2009.jar -configuration c:\Users\PWD EDU\AppData\Roaming\Code\User\globalStorage\redhat.java\1.39.0\config_win -data c:\Users\PWD EDU\AppData\Roaming\Code\User\workspaceStorage\5671c5f28bfb7e9067cf771c2b3cd341\redhat.java\jdt_ws --pipe=\\.\pipe\lsp-6f149087854f2b2c08c8a72ff02f42e8-sock

Host: Intel(R) Core(TM) i5-4590T CPU @ 2.00GHz, 4 cores, 3G,  Windows 10 , 64 bit Build 19041 (10.0.19041.5198)
Time: Sun Jan 26 19:23:53 2025 India Standard Time elapsed time: 361.709216 seconds (0d 0h 6m 1s)

---------------  T H R E A D  ---------------

Current thread (0x000002247d5c0cc0):  JavaThread "C2 CompilerThread0" daemon [_thread_in_native, id=4816, stack(0x0000004084300000,0x0000004084400000) (1024K)]


Current CompileTask:
C2:361709 11572       4       org.eclipse.jdt.internal.compiler.parser.Parser::consumeRule (7871 bytes)

Stack: [0x0000004084300000,0x0000004084400000]
Native frames: (J=compiled Java code, j=interpreted, Vv=VM code, C=native code)
V  [jvm.dll+0x6cd4e9]
V  [jvm.dll+0x8a7941]
V  [jvm.dll+0x8a9e6e]
V  [jvm.dll+0x8aa543]
V  [jvm.dll+0x27f6d6]
V  [jvm.dll+0xc500d]
V  [jvm.dll+0xc5543]
V  [jvm.dll+0x3b65d2]
V  [jvm.dll+0x382835]
V  [jvm.dll+0x381c9a]
V  [jvm.dll+0x2479d0]
V  [jvm.dll+0x246faf]
V  [jvm.dll+0x1c75ce]
V  [jvm.dll+0x25682a]
V  [jvm.dll+0x254dca]
V  [jvm.dll+0x3f00d6]
V  [jvm.dll+0x8514fb]
V  [jvm.dll+0x6cbbed]
C  [ucrtbase.dll+0x21bb2]
C  [KERNEL32.DLL+0x17374]
C  [ntdll.dll+0x4cc91]


---------------  P R O C E S S  ---------------

Threads class SMR info:
_java_thread_list=0x0000022446856470, length=37, elements={
0x00000224671d0050, 0x000002247d5ac630, 0x000002247d5aef40, 0x000002247d5b0840,
0x000002247d5b19d0, 0x000002247d5b28e0, 0x000002247d5ba6f0, 0x000002247d5c0cc0,
0x000002247d5d20c0, 0x0000022467298390, 0x000002247e6a7140, 0x000002247d669e70,
0x000002247e723210, 0x000002247e8f93e0, 0x000002247ed66690, 0x000002247ee38950,
0x000002247eb9b9c0, 0x000002247ecc66a0, 0x000002247ecc6d30, 0x000002247ecc73c0,
0x000002247ecc8e00, 0x000002247ecc80e0, 0x00000224467ac2d0, 0x00000224467add10,
0x00000224467ae3a0, 0x00000224467b3260, 0x00000224467aea30, 0x00000224467af750,
0x00000224467b0470, 0x00000224467b1eb0, 0x00000224467b1820, 0x000002247ecc6010,
0x00000224467b2bd0, 0x00000224467b38f0, 0x00000224467afde0, 0x0000022446bef240,
0x0000022446bebdc0
}

Java Threads: ( => current thread )
  0x00000224671d0050 JavaThread "main"                              [_thread_blocked, id=15060, stack(0x0000004083900000,0x0000004083a00000) (1024K)]
  0x000002247d5ac630 JavaThread "Reference Handler"          daemon [_thread_blocked, id=1852, stack(0x0000004083d00000,0x0000004083e00000) (1024K)]
  0x000002247d5aef40 JavaThread "Finalizer"                  daemon [_thread_blocked, id=14212, stack(0x0000004083e00000,0x0000004083f00000) (1024K)]
  0x000002247d5b0840 JavaThread "Signal Dispatcher"          daemon [_thread_blocked, id=13292, stack(0x0000004083f00000,0x0000004084000000) (1024K)]
  0x000002247d5b19d0 JavaThread "Attach Listener"            daemon [_thread_blocked, id=6408, stack(0x0000004084000000,0x0000004084100000) (1024K)]
  0x000002247d5b28e0 JavaThread "Service Thread"             daemon [_thread_blocked, id=13148, stack(0x0000004084100000,0x0000004084200000) (1024K)]
  0x000002247d5ba6f0 JavaThread "Monitor Deflation Thread"   daemon [_thread_blocked, id=13728, stack(0x0000004084200000,0x0000004084300000) (1024K)]
=>0x000002247d5c0cc0 JavaThread "C2 CompilerThread0"         daemon [_thread_in_native, id=4816, stack(0x0000004084300000,0x0000004084400000) (1024K)]
  0x000002247d5d20c0 JavaThread "C1 CompilerThread0"         daemon [_thread_blocked, id=12740, stack(0x0000004084400000,0x0000004084500000) (1024K)]
  0x0000022467298390 JavaThread "Common-Cleaner"             daemon [_thread_blocked, id=14276, stack(0x0000004084500000,0x0000004084600000) (1024K)]
  0x000002247e6a7140 JavaThread "Notification Thread"        daemon [_thread_blocked, id=4128, stack(0x0000004084600000,0x0000004084700000) (1024K)]
  0x000002247d669e70 JavaThread "Active Thread: Equinox Container: 7039c900-4f7c-487e-b093-93a3ad8637d4"        [_thread_blocked, id=3572, stack(0x0000004084b00000,0x0000004084c00000) (1024K)]
  0x000002247e723210 JavaThread "Refresh Thread: Equinox Container: 7039c900-4f7c-487e-b093-93a3ad8637d4" daemon [_thread_blocked, id=12720, stack(0x0000004084700000,0x0000004084800000) (1024K)]
  0x000002247e8f93e0 JavaThread "Framework Event Dispatcher: Equinox Container: 7039c900-4f7c-487e-b093-93a3ad8637d4" daemon [_thread_blocked, id=332, stack(0x0000004084c00000,0x0000004084d00000) (1024K)]
  0x000002247ed66690 JavaThread "Start Level: Equinox Container: 7039c900-4f7c-487e-b093-93a3ad8637d4" daemon [_thread_blocked, id=11360, stack(0x0000004084d00000,0x0000004084e00000) (1024K)]
  0x000002247ee38950 JavaThread "Bundle File Closer"         daemon [_thread_blocked, id=9372, stack(0x0000004084e00000,0x0000004084f00000) (1024K)]
  0x000002247eb9b9c0 JavaThread "SCR Component Actor"        daemon [_thread_blocked, id=7008, stack(0x0000004084f00000,0x0000004085000000) (1024K)]
  0x000002247ecc66a0 JavaThread "Worker-JM"                         [_thread_blocked, id=11420, stack(0x0000004085200000,0x0000004085300000) (1024K)]
  0x000002247ecc6d30 JavaThread "JNA Cleaner"                daemon [_thread_blocked, id=10576, stack(0x0000004085100000,0x0000004085200000) (1024K)]
  0x000002247ecc73c0 JavaThread "Worker-0: Building"                [_thread_in_native, id=12152, stack(0x0000004085300000,0x0000004085400000) (1024K)]
  0x000002247ecc8e00 JavaThread "Java indexing"              daemon [_thread_blocked, id=14556, stack(0x0000004085600000,0x0000004085700000) (1024K)]
  0x000002247ecc80e0 JavaThread "Worker-2"                          [_thread_blocked, id=7836, stack(0x0000004085700000,0x0000004085800000) (1024K)]
  0x00000224467ac2d0 JavaThread "Thread-2"                   daemon [_thread_in_native, id=12924, stack(0x0000004085900000,0x0000004085a00000) (1024K)]
  0x00000224467add10 JavaThread "Thread-3"                   daemon [_thread_in_native, id=13600, stack(0x0000004085a00000,0x0000004085b00000) (1024K)]
  0x00000224467ae3a0 JavaThread "Thread-4"                   daemon [_thread_in_native, id=8620, stack(0x0000004085b00000,0x0000004085c00000) (1024K)]
  0x00000224467b3260 JavaThread "Thread-5"                   daemon [_thread_in_native, id=2292, stack(0x0000004085c00000,0x0000004085d00000) (1024K)]
  0x00000224467aea30 JavaThread "Thread-6"                   daemon [_thread_in_native, id=8984, stack(0x0000004085d00000,0x0000004085e00000) (1024K)]
  0x00000224467af750 JavaThread "pool-2-thread-1"                   [_thread_blocked, id=2640, stack(0x0000004085e00000,0x0000004085f00000) (1024K)]
  0x00000224467b0470 JavaThread "WorkspaceEventsHandler"            [_thread_blocked, id=7080, stack(0x0000004086100000,0x0000004086200000) (1024K)]
  0x00000224467b1eb0 JavaThread "pool-1-thread-1"                   [_thread_blocked, id=11604, stack(0x0000004086200000,0x0000004086300000) (1024K)]
  0x00000224467b1820 JavaThread "ForkJoinPool.commonPool-worker-3" daemon [_thread_blocked, id=13240, stack(0x0000004086300000,0x0000004086400000) (1024K)]
  0x000002247ecc6010 JavaThread "Cleaner-0"                  daemon [_thread_blocked, id=15212, stack(0x0000004086600000,0x0000004086700000) (1024K)]
  0x00000224467b2bd0 JavaThread "ForkJoinPool.commonPool-worker-4" daemon [_thread_blocked, id=7468, stack(0x0000004083600000,0x0000004083700000) (1024K)]
  0x00000224467b38f0 JavaThread "ForkJoinPool.commonPool-worker-5" daemon [_thread_blocked, id=12468, stack(0x0000004083700000,0x0000004083800000) (1024K)]
  0x00000224467afde0 JavaThread "Worker-6"                          [_thread_blocked, id=10700, stack(0x0000004085400000,0x0000004085500000) (1024K)]
  0x0000022446bef240 JavaThread "Compiler Source File Reader" daemon [_thread_blocked, id=1136, stack(0x0000004085500000,0x0000004085600000) (1024K)]
  0x0000022446bebdc0 JavaThread "Compiler Processing Task"   daemon [_thread_blocked, id=13260, stack(0x0000004085800000,0x0000004085900000) (1024K)]
Total: 37

Other Threads:
  0x000002247d58ea30 VMThread "VM Thread"                           [id=7552, stack(0x0000004083c00000,0x0000004083d00000) (1024K)]
  0x0000022467296ce0 WatcherThread "VM Periodic Task Thread"        [id=216, stack(0x0000004083b00000,0x0000004083c00000) (1024K)]
  0x00000224671eec80 WorkerThread "GC Thread#0"                     [id=11896, stack(0x0000004083a00000,0x0000004083b00000) (1024K)]
  0x000002247e930e90 WorkerThread "GC Thread#1"                     [id=14108, stack(0x0000004084800000,0x0000004084900000) (1024K)]
  0x000002247e931230 WorkerThread "GC Thread#2"                     [id=12488, stack(0x0000004084900000,0x0000004084a00000) (1024K)]
  0x000002247e7ded80 WorkerThread "GC Thread#3"                     [id=5844, stack(0x0000004084a00000,0x0000004084b00000) (1024K)]
Total: 6

Threads with active compile tasks:
C2 CompilerThread0  363318 11572       4       org.eclipse.jdt.internal.compiler.parser.Parser::consumeRule (7871 bytes)
Total: 1

VM state: not at safepoint (normal execution)

VM Mutex/Monitor currently owned by a thread: None

Heap address: 0x00000000c0000000, size: 1024 MB, Compressed Oops mode: 32-bit

CDS archive(s) mapped at: [0x0000022400000000-0x0000022400ba0000-0x0000022400ba0000), size 12189696, SharedBaseAddress: 0x0000022400000000, ArchiveRelocationMode: 1.
Compressed class space mapped at: 0x0000022401000000-0x0000022441000000, reserved size: 1073741824
Narrow klass base: 0x0000022400000000, Narrow klass shift: 0, Narrow klass range: 0x100000000

GC Precious Log:
 CardTable entry size: 512
 CPUs: 4 total, 4 available
 Memory: 3976M
 Large Page Support: Disabled
 NUMA Support: Disabled
 Compressed Oops: Enabled (32-bit)
 Alignments: Space 512K, Generation 512K, Heap 2M
 Heap Min Capacity: 100M
 Heap Initial Capacity: 100M
 Heap Max Capacity: 1G
 Pre-touch: Disabled
 Parallel Workers: 4

Heap:
 PSYoungGen      total 3072K, used 795K [0x00000000eab00000, 0x00000000eaf80000, 0x0000000100000000)
  eden space 2560K, 23% used [0x00000000eab00000,0x00000000eab96e00,0x00000000ead80000)
  from space 512K, 37% used [0x00000000eaf00000,0x00000000eaf30010,0x00000000eaf80000)
  to   space 512K, 0% used [0x00000000eae80000,0x00000000eae80000,0x00000000eaf00000)
 ParOldGen       total 188416K, used 188205K [0x00000000c0000000, 0x00000000cb800000, 0x00000000eab00000)
  object space 188416K, 99% used [0x00000000c0000000,0x00000000cb7cb588,0x00000000cb800000)
 Metaspace       used 68335K, committed 69696K, reserved 1114112K
  class space    used 7158K, committed 7744K, reserved 1048576K

Card table byte_map: [0x000002247af10000,0x000002247b120000] _byte_map_base: 0x000002247a910000

Marking Bits: (ParMarkBitMap*) 0x00007fffb1192250
 Begin Bits: [0x000002247b280000, 0x000002247c280000)
 End Bits:   [0x000002247c280000, 0x000002247d280000)

Polling page: 0x0000022467040000

Metaspace:

Usage:
  Non-class:     59.74 MB used.
      Class:      6.99 MB used.
       Both:     66.73 MB used.

Virtual space:
  Non-class space:       64.00 MB reserved,      60.50 MB ( 95%) committed,  1 nodes.
      Class space:        1.00 GB reserved,       7.56 MB ( <1%) committed,  1 nodes.
             Both:        1.06 GB reserved,      68.06 MB (  6%) committed. 

Chunk freelists:
   Non-Class:  3.25 MB
       Class:  8.31 MB
        Both:  11.56 MB

MaxMetaspaceSize: unlimited
CompressedClassSpaceSize: 1.00 GB
Initial GC threshold: 21.00 MB
Current GC threshold: 97.31 MB
CDS: on
 - commit_granule_bytes: 65536.
 - commit_granule_words: 8192.
 - virtual_space_node_default_size: 8388608.
 - enlarge_chunks_in_place: 1.
 - use_allocation_guard: 0.


Internal statistics:

num_allocs_failed_limit: 11.
num_arena_births: 1154.
num_arena_deaths: 14.
num_vsnodes_births: 2.
num_vsnodes_deaths: 0.
num_space_committed: 1089.
num_space_uncommitted: 0.
num_chunks_returned_to_freelist: 25.
num_chunks_taken_from_freelist: 4292.
num_chunk_merges: 17.
num_chunk_splits: 2702.
num_chunks_enlarged: 1615.
num_inconsistent_stats: 0.

CodeHeap 'non-profiled nmethods': size=120000Kb used=8823Kb max_used=8823Kb free=111177Kb
 bounds [0x0000022473800000, 0x00000224740a0000, 0x000002247ad30000]
CodeHeap 'profiled nmethods': size=120000Kb used=25096Kb max_used=25096Kb free=94903Kb
 bounds [0x000002246bd30000, 0x000002246d5c0000, 0x0000022473260000]
CodeHeap 'non-nmethods': size=5760Kb used=1449Kb max_used=1495Kb free=4310Kb
 bounds [0x0000022473260000, 0x00000224734d0000, 0x0000022473800000]
 total_blobs=11614 nmethods=10844 adapters=673
 compilation: enabled
              stopped_count=0, restarted_count=0
 full_count=0

Compilation events (20 events):
Event: 361.572 Thread 0x000002247d5d20c0 nmethod 11565 0x000002246d59a490 code [0x000002246d59a680, 0x000002246d59aba8]
Event: 361.572 Thread 0x000002247d5d20c0 11568       3       org.eclipse.core.internal.resources.Resource::exists (24 bytes)
Event: 361.573 Thread 0x000002247d5d20c0 nmethod 11568 0x000002246d59ae10 code [0x000002246d59afe0, 0x000002246d59b338]
Event: 361.573 Thread 0x000002247d5d20c0 11566       3       org.eclipse.core.internal.resources.ProjectPreferences::isAlreadyLoaded (15 bytes)
Event: 361.573 Thread 0x000002247d5d20c0 nmethod 11566 0x000002246d59b490 code [0x000002246d59b660, 0x000002246d59b9d0]
Event: 361.573 Thread 0x000002247d5d20c0 11569       3       org.eclipse.jdt.ls.core.internal.DocumentAdapter::getCharacters (18 bytes)
Event: 361.573 Thread 0x000002247d5d20c0 nmethod 11569 0x000002246d59bb90 code [0x000002246d59bda0, 0x000002246d59c278]
Event: 361.573 Thread 0x000002247d5d20c0 11571   !   3       org.eclipse.core.internal.resources.ProjectPreferences::silentLoad (65 bytes)
Event: 361.574 Thread 0x000002247d5c0cc0 11572       4       org.eclipse.jdt.internal.compiler.parser.Parser::consumeRule (7871 bytes)
Event: 361.574 Thread 0x000002247d5d20c0 nmethod 11571 0x000002246d59c410 code [0x000002246d59c640, 0x000002246d59cfd0]
Event: 361.574 Thread 0x000002247d5d20c0 11573       3       lombok.eclipse.EclipseAST::buildMethods (53 bytes)
Event: 361.574 Thread 0x000002247d5d20c0 nmethod 11573 0x000002246d59d290 code [0x000002246d59d4c0, 0x000002246d59dda8]
Event: 361.574 Thread 0x000002247d5d20c0 11567       1       org.eclipse.core.internal.content.ContentTypeMatcher::getContext (5 bytes)
Event: 361.575 Thread 0x000002247d5d20c0 nmethod 11567 0x000002247409ca90 code [0x000002247409cc20, 0x000002247409cce8]
Event: 361.575 Thread 0x000002247d5d20c0 11570       1       sun.nio.ch.NativeThread::currentNativeThread (2 bytes)
Event: 361.575 Thread 0x000002247d5d20c0 nmethod 11570 0x000002247409cd90 code [0x000002247409cf20, 0x000002247409cfd0]
Event: 361.618 Thread 0x000002247d5d20c0 11575       3       org.eclipse.jdt.internal.core.builder.ClasspathJrt::hashCode (22 bytes)
Event: 361.618 Thread 0x000002247d5d20c0 nmethod 11575 0x000002246d59e190 code [0x000002246d59e360, 0x000002246d59e550]
Event: 361.621 Thread 0x000002247d5d20c0 11577       3       org.eclipse.jdt.core.compiler.CharOperation::splitOn (159 bytes)
Event: 361.622 Thread 0x000002247d5d20c0 nmethod 11577 0x000002246d59e610 code [0x000002246d59e840, 0x000002246d59f2d0]

GC Heap History (20 events):
Event: 345.333 GC heap before
{Heap before GC invocations=169 (full 3):
 PSYoungGen      total 3584K, used 2944K [0x00000000eab00000, 0x00000000eb000000, 0x0000000100000000)
  eden space 2560K, 100% used [0x00000000eab00000,0x00000000ead80000,0x00000000ead80000)
  from space 1024K, 37% used [0x00000000eae00000,0x00000000eae60000,0x00000000eaf00000)
  to   space 512K, 0% used [0x00000000eaf80000,0x00000000eaf80000,0x00000000eb000000)
 ParOldGen       total 186368K, used 186109K [0x00000000c0000000, 0x00000000cb600000, 0x00000000eab00000)
  object space 186368K, 99% used [0x00000000c0000000,0x00000000cb5bf778,0x00000000cb600000)
 Metaspace       used 67287K, committed 68672K, reserved 1114112K
  class space    used 7050K, committed 7680K, reserved 1048576K
}
Event: 345.334 GC heap after
{Heap after GC invocations=169 (full 3):
 PSYoungGen      total 3072K, used 224K [0x00000000eab00000, 0x00000000eb000000, 0x0000000100000000)
  eden space 2560K, 0% used [0x00000000eab00000,0x00000000eab00000,0x00000000ead80000)
  from space 512K, 43% used [0x00000000eaf80000,0x00000000eafb8000,0x00000000eb000000)
  to   space 512K, 0% used [0x00000000eaf00000,0x00000000eaf00000,0x00000000eaf80000)
 ParOldGen       total 186368K, used 186149K [0x00000000c0000000, 0x00000000cb600000, 0x00000000eab00000)
  object space 186368K, 99% used [0x00000000c0000000,0x00000000cb5c9778,0x00000000cb600000)
 Metaspace       used 67287K, committed 68672K, reserved 1114112K
  class space    used 7050K, committed 7680K, reserved 1048576K
}
Event: 345.749 GC heap before
{Heap before GC invocations=170 (full 3):
 PSYoungGen      total 3072K, used 2783K [0x00000000eab00000, 0x00000000eb000000, 0x0000000100000000)
  eden space 2560K, 99% used [0x00000000eab00000,0x00000000ead7fff8,0x00000000ead80000)
  from space 512K, 43% used [0x00000000eaf80000,0x00000000eafb8000,0x00000000eb000000)
  to   space 512K, 0% used [0x00000000eaf00000,0x00000000eaf00000,0x00000000eaf80000)
 ParOldGen       total 186368K, used 186149K [0x00000000c0000000, 0x00000000cb600000, 0x00000000eab00000)
  object space 186368K, 99% used [0x00000000c0000000,0x00000000cb5c9778,0x00000000cb600000)
 Metaspace       used 67296K, committed 68736K, reserved 1114112K
  class space    used 7050K, committed 7680K, reserved 1048576K
}
Event: 345.751 GC heap after
{Heap after GC invocations=170 (full 3):
 PSYoungGen      total 3072K, used 416K [0x00000000eab00000, 0x00000000eb000000, 0x0000000100000000)
  eden space 2560K, 0% used [0x00000000eab00000,0x00000000eab00000,0x00000000ead80000)
  from space 512K, 81% used [0x00000000eaf00000,0x00000000eaf68000,0x00000000eaf80000)
  to   space 512K, 0% used [0x00000000eaf80000,0x00000000eaf80000,0x00000000eb000000)
 ParOldGen       total 186368K, used 186165K [0x00000000c0000000, 0x00000000cb600000, 0x00000000eab00000)
  object space 186368K, 99% used [0x00000000c0000000,0x00000000cb5cd778,0x00000000cb600000)
 Metaspace       used 67296K, committed 68736K, reserved 1114112K
  class space    used 7050K, committed 7680K, reserved 1048576K
}
Event: 345.855 GC heap before
{Heap before GC invocations=171 (full 3):
 PSYoungGen      total 3072K, used 2975K [0x00000000eab00000, 0x00000000eb000000, 0x0000000100000000)
  eden space 2560K, 99% used [0x00000000eab00000,0x00000000ead7ffe8,0x00000000ead80000)
  from space 512K, 81% used [0x00000000eaf00000,0x00000000eaf68000,0x00000000eaf80000)
  to   space 512K, 0% used [0x00000000eaf80000,0x00000000eaf80000,0x00000000eb000000)
 ParOldGen       total 186368K, used 186165K [0x00000000c0000000, 0x00000000cb600000, 0x00000000eab00000)
  object space 186368K, 99% used [0x00000000c0000000,0x00000000cb5cd778,0x00000000cb600000)
 Metaspace       used 67320K, committed 68736K, reserved 1114112K
  class space    used 7050K, committed 7680K, reserved 1048576K
}
Event: 345.857 GC heap after
{Heap after GC invocations=171 (full 3):
 PSYoungGen      total 3072K, used 128K [0x00000000eab00000, 0x00000000eb000000, 0x0000000100000000)
  eden space 2560K, 0% used [0x00000000eab00000,0x00000000eab00000,0x00000000ead80000)
  from space 512K, 25% used [0x00000000eaf80000,0x00000000eafa0000,0x00000000eb000000)
  to   space 512K, 0% used [0x00000000eaf00000,0x00000000eaf00000,0x00000000eaf80000)
 ParOldGen       total 186880K, used 186499K [0x00000000c0000000, 0x00000000cb680000, 0x00000000eab00000)
  object space 186880K, 99% used [0x00000000c0000000,0x00000000cb620c08,0x00000000cb680000)
 Metaspace       used 67320K, committed 68736K, reserved 1114112K
  class space    used 7050K, committed 7680K, reserved 1048576K
}
Event: 346.038 GC heap before
{Heap before GC invocations=172 (full 3):
 PSYoungGen      total 3072K, used 2688K [0x00000000eab00000, 0x00000000eb000000, 0x0000000100000000)
  eden space 2560K, 100% used [0x00000000eab00000,0x00000000ead80000,0x00000000ead80000)
  from space 512K, 25% used [0x00000000eaf80000,0x00000000eafa0000,0x00000000eb000000)
  to   space 512K, 0% used [0x00000000eaf00000,0x00000000eaf00000,0x00000000eaf80000)
 ParOldGen       total 186880K, used 186499K [0x00000000c0000000, 0x00000000cb680000, 0x00000000eab00000)
  object space 186880K, 99% used [0x00000000c0000000,0x00000000cb620c08,0x00000000cb680000)
 Metaspace       used 67329K, committed 68736K, reserved 1114112K
  class space    used 7050K, committed 7680K, reserved 1048576K
}
Event: 346.038 GC heap after
{Heap after GC invocations=172 (full 3):
 PSYoungGen      total 3072K, used 128K [0x00000000eab00000, 0x00000000eb000000, 0x0000000100000000)
  eden space 2560K, 0% used [0x00000000eab00000,0x00000000eab00000,0x00000000ead80000)
  from space 512K, 25% used [0x00000000eaf00000,0x00000000eaf20000,0x00000000eaf80000)
  to   space 512K, 0% used [0x00000000eaf80000,0x00000000eaf80000,0x00000000eb000000)
 ParOldGen       total 186880K, used 186531K [0x00000000c0000000, 0x00000000cb680000, 0x00000000eab00000)
  object space 186880K, 99% used [0x00000000c0000000,0x00000000cb628c08,0x00000000cb680000)
 Metaspace       used 67329K, committed 68736K, reserved 1114112K
  class space    used 7050K, committed 7680K, reserved 1048576K
}
Event: 347.380 GC heap before
{Heap before GC invocations=173 (full 3):
 PSYoungGen      total 3072K, used 2688K [0x00000000eab00000, 0x00000000eb000000, 0x0000000100000000)
  eden space 2560K, 100% used [0x00000000eab00000,0x00000000ead80000,0x00000000ead80000)
  from space 512K, 25% used [0x00000000eaf00000,0x00000000eaf20000,0x00000000eaf80000)
  to   space 512K, 0% used [0x00000000eaf80000,0x00000000eaf80000,0x00000000eb000000)
 ParOldGen       total 186880K, used 186531K [0x00000000c0000000, 0x00000000cb680000, 0x00000000eab00000)
  object space 186880K, 99% used [0x00000000c0000000,0x00000000cb628c08,0x00000000cb680000)
 Metaspace       used 67384K, committed 68800K, reserved 1114112K
  class space    used 7050K, committed 7680K, reserved 1048576K
}
Event: 347.381 GC heap after
{Heap after GC invocations=173 (full 3):
 PSYoungGen      total 3072K, used 208K [0x00000000eab00000, 0x00000000eb000000, 0x0000000100000000)
  eden space 2560K, 0% used [0x00000000eab00000,0x00000000eab00000,0x00000000ead80000)
  from space 512K, 40% used [0x00000000eaf80000,0x00000000eafb4010,0x00000000eb000000)
  to   space 512K, 0% used [0x00000000eaf00000,0x00000000eaf00000,0x00000000eaf80000)
 ParOldGen       total 186880K, used 186555K [0x00000000c0000000, 0x00000000cb680000, 0x00000000eab00000)
  object space 186880K, 99% used [0x00000000c0000000,0x00000000cb62ec08,0x00000000cb680000)
 Metaspace       used 67384K, committed 68800K, reserved 1114112K
  class space    used 7050K, committed 7680K, reserved 1048576K
}
Event: 347.659 GC heap before
{Heap before GC invocations=174 (full 3):
 PSYoungGen      total 3072K, used 2768K [0x00000000eab00000, 0x00000000eb000000, 0x0000000100000000)
  eden space 2560K, 100% used [0x00000000eab00000,0x00000000ead80000,0x00000000ead80000)
  from space 512K, 40% used [0x00000000eaf80000,0x00000000eafb4010,0x00000000eb000000)
  to   space 512K, 0% used [0x00000000eaf00000,0x00000000eaf00000,0x00000000eaf80000)
 ParOldGen       total 186880K, used 186555K [0x00000000c0000000, 0x00000000cb680000, 0x00000000eab00000)
  object space 186880K, 99% used [0x00000000c0000000,0x00000000cb62ec08,0x00000000cb680000)
 Metaspace       used 67441K, committed 68864K, reserved 1114112K
  class space    used 7057K, committed 7680K, reserved 1048576K
}
Event: 347.660 GC heap after
{Heap after GC invocations=174 (full 3):
 PSYoungGen      total 3072K, used 512K [0x00000000eab00000, 0x00000000eb000000, 0x0000000100000000)
  eden space 2560K, 0% used [0x00000000eab00000,0x00000000eab00000,0x00000000ead80000)
  from space 512K, 100% used [0x00000000eaf00000,0x00000000eaf80000,0x00000000eaf80000)
  to   space 512K, 0% used [0x00000000eaf80000,0x00000000eaf80000,0x00000000eb000000)
 ParOldGen       total 186880K, used 186720K [0x00000000c0000000, 0x00000000cb680000, 0x00000000eab00000)
  object space 186880K, 99% used [0x00000000c0000000,0x00000000cb658098,0x00000000cb680000)
 Metaspace       used 67441K, committed 68864K, reserved 1114112K
  class space    used 7057K, committed 7680K, reserved 1048576K
}
Event: 347.799 GC heap before
{Heap before GC invocations=175 (full 3):
 PSYoungGen      total 3072K, used 3072K [0x00000000eab00000, 0x00000000eb000000, 0x0000000100000000)
  eden space 2560K, 100% used [0x00000000eab00000,0x00000000ead80000,0x00000000ead80000)
  from space 512K, 100% used [0x00000000eaf00000,0x00000000eaf80000,0x00000000eaf80000)
  to   space 512K, 0% used [0x00000000eaf80000,0x00000000eaf80000,0x00000000eb000000)
 ParOldGen       total 186880K, used 186720K [0x00000000c0000000, 0x00000000cb680000, 0x00000000eab00000)
  object space 186880K, 99% used [0x00000000c0000000,0x00000000cb658098,0x00000000cb680000)
 Metaspace       used 67446K, committed 68864K, reserved 1114112K
  class space    used 7057K, committed 7680K, reserved 1048576K
}
Event: 347.801 GC heap after
{Heap after GC invocations=175 (full 3):
 PSYoungGen      total 3072K, used 352K [0x00000000eab00000, 0x00000000eb000000, 0x0000000100000000)
  eden space 2560K, 0% used [0x00000000eab00000,0x00000000eab00000,0x00000000ead80000)
  from space 512K, 68% used [0x00000000eaf80000,0x00000000eafd8000,0x00000000eb000000)
  to   space 512K, 0% used [0x00000000eaf00000,0x00000000eaf00000,0x00000000eaf80000)
 ParOldGen       total 187392K, used 187237K [0x00000000c0000000, 0x00000000cb700000, 0x00000000eab00000)
  object space 187392K, 99% used [0x00000000c0000000,0x00000000cb6d9528,0x00000000cb700000)
 Metaspace       used 67446K, committed 68864K, reserved 1114112K
  class space    used 7057K, committed 7680K, reserved 1048576K
}
Event: 349.223 GC heap before
{Heap before GC invocations=176 (full 3):
 PSYoungGen      total 3072K, used 2912K [0x00000000eab00000, 0x00000000eb000000, 0x0000000100000000)
  eden space 2560K, 100% used [0x00000000eab00000,0x00000000ead80000,0x00000000ead80000)
  from space 512K, 68% used [0x00000000eaf80000,0x00000000eafd8000,0x00000000eb000000)
  to   space 512K, 0% used [0x00000000eaf00000,0x00000000eaf00000,0x00000000eaf80000)
 ParOldGen       total 187392K, used 187237K [0x00000000c0000000, 0x00000000cb700000, 0x00000000eab00000)
  object space 187392K, 99% used [0x00000000c0000000,0x00000000cb6d9528,0x00000000cb700000)
 Metaspace       used 67523K, committed 68928K, reserved 1114112K
  class space    used 7067K, committed 7680K, reserved 1048576K
}
Event: 349.224 GC heap after
{Heap after GC invocations=176 (full 3):
 PSYoungGen      total 3072K, used 128K [0x00000000eab00000, 0x00000000eb000000, 0x0000000100000000)
  eden space 2560K, 0% used [0x00000000eab00000,0x00000000eab00000,0x00000000ead80000)
  from space 512K, 25% used [0x00000000eaf00000,0x00000000eaf20000,0x00000000eaf80000)
  to   space 512K, 0% used [0x00000000eaf80000,0x00000000eaf80000,0x00000000eb000000)
 ParOldGen       total 187392K, used 187285K [0x00000000c0000000, 0x00000000cb700000, 0x00000000eab00000)
  object space 187392K, 99% used [0x00000000c0000000,0x00000000cb6e5528,0x00000000cb700000)
 Metaspace       used 67523K, committed 68928K, reserved 1114112K
  class space    used 7067K, committed 7680K, reserved 1048576K
}
Event: 350.566 GC heap before
{Heap before GC invocations=177 (full 3):
 PSYoungGen      total 3072K, used 2687K [0x00000000eab00000, 0x00000000eb000000, 0x0000000100000000)
  eden space 2560K, 99% used [0x00000000eab00000,0x00000000ead7fd38,0x00000000ead80000)
  from space 512K, 25% used [0x00000000eaf00000,0x00000000eaf20000,0x00000000eaf80000)
  to   space 512K, 0% used [0x00000000eaf80000,0x00000000eaf80000,0x00000000eb000000)
 ParOldGen       total 187392K, used 187285K [0x00000000c0000000, 0x00000000cb700000, 0x00000000eab00000)
  object space 187392K, 99% used [0x00000000c0000000,0x00000000cb6e5528,0x00000000cb700000)
 Metaspace       used 67838K, committed 69248K, reserved 1114112K
  class space    used 7104K, committed 7744K, reserved 1048576K
}
Event: 350.568 GC heap after
{Heap after GC invocations=177 (full 3):
 PSYoungGen      total 3072K, used 192K [0x00000000eab00000, 0x00000000eb000000, 0x0000000100000000)
  eden space 2560K, 0% used [0x00000000eab00000,0x00000000eab00000,0x00000000ead80000)
  from space 512K, 37% used [0x00000000eaf80000,0x00000000eafb0000,0x00000000eb000000)
  to   space 512K, 0% used [0x00000000eaf00000,0x00000000eaf00000,0x00000000eaf80000)
 ParOldGen       total 187392K, used 187317K [0x00000000c0000000, 0x00000000cb700000, 0x00000000eab00000)
  object space 187392K, 99% used [0x00000000c0000000,0x00000000cb6ed528,0x00000000cb700000)
 Metaspace       used 67838K, committed 69248K, reserved 1114112K
  class space    used 7104K, committed 7744K, reserved 1048576K
}
Event: 361.514 GC heap before
{Heap before GC invocations=178 (full 3):
 PSYoungGen      total 3072K, used 2752K [0x00000000eab00000, 0x00000000eb000000, 0x0000000100000000)
  eden space 2560K, 100% used [0x00000000eab00000,0x00000000ead80000,0x00000000ead80000)
  from space 512K, 37% used [0x00000000eaf80000,0x00000000eafb0000,0x00000000eb000000)
  to   space 512K, 0% used [0x00000000eaf00000,0x00000000eaf00000,0x00000000eaf80000)
 ParOldGen       total 187392K, used 187317K [0x00000000c0000000, 0x00000000cb700000, 0x00000000eab00000)
  object space 187392K, 99% used [0x00000000c0000000,0x00000000cb6ed528,0x00000000cb700000)
 Metaspace       used 68101K, committed 69504K, reserved 1114112K
  class space    used 7126K, committed 7744K, reserved 1048576K
}
Event: 361.516 GC heap after
{Heap after GC invocations=178 (full 3):
 PSYoungGen      total 3072K, used 320K [0x00000000eab00000, 0x00000000eb000000, 0x0000000100000000)
  eden space 2560K, 0% used [0x00000000eab00000,0x00000000eab00000,0x00000000ead80000)
  from space 512K, 62% used [0x00000000eaf00000,0x00000000eaf50000,0x00000000eaf80000)
  to   space 512K, 0% used [0x00000000eaf80000,0x00000000eaf80000,0x00000000eb000000)
 ParOldGen       total 187904K, used 187421K [0x00000000c0000000, 0x00000000cb780000, 0x00000000eab00000)
  object space 187904K, 99% used [0x00000000c0000000,0x00000000cb707538,0x00000000cb780000)
 Metaspace       used 68101K, committed 69504K, reserved 1114112K
  class space    used 7126K, committed 7744K, reserved 1048576K
}

Dll operation events (11 events):
Event: 0.442 Loaded shared library c:\Users\PWD EDU\.vscode\extensions\redhat.java-1.39.0-win32-x64\jre\21.0.5-win32-x86_64\bin\java.dll
Event: 1.637 Loaded shared library c:\Users\PWD EDU\.vscode\extensions\redhat.java-1.39.0-win32-x64\jre\21.0.5-win32-x86_64\bin\zip.dll
Event: 1.793 Loaded shared library C:\Users\PWD EDU\.vscode\extensions\redhat.java-1.39.0-win32-x64\jre\21.0.5-win32-x86_64\bin\instrument.dll
Event: 1.902 Loaded shared library C:\Users\PWD EDU\.vscode\extensions\redhat.java-1.39.0-win32-x64\jre\21.0.5-win32-x86_64\bin\net.dll
Event: 1.958 Loaded shared library C:\Users\PWD EDU\.vscode\extensions\redhat.java-1.39.0-win32-x64\jre\21.0.5-win32-x86_64\bin\nio.dll
Event: 1.962 Loaded shared library C:\Users\PWD EDU\.vscode\extensions\redhat.java-1.39.0-win32-x64\jre\21.0.5-win32-x86_64\bin\zip.dll
Event: 2.147 Loaded shared library C:\Users\PWD EDU\.vscode\extensions\redhat.java-1.39.0-win32-x64\jre\21.0.5-win32-x86_64\bin\jimage.dll
Event: 2.681 Loaded shared library c:\Users\PWD EDU\.vscode\extensions\redhat.java-1.39.0-win32-x64\jre\21.0.5-win32-x86_64\bin\verify.dll
Event: 9.101 Loaded shared library C:\Users\PWD EDU\AppData\Roaming\Code\User\globalStorage\redhat.java\1.39.0\config_win\org.eclipse.equinox.launcher\org.eclipse.equinox.launcher.win32.win32.x86_64_1.2.1100.v20240722-2106\eclipse_11904.dll
Event: 26.690 Loaded shared library C:\Users\PWD EDU\AppData\Local\Temp\jna-540407827\jna2355783463246249316.dll
Event: 42.669 Loaded shared library C:\Users\PWD EDU\.vscode\extensions\redhat.java-1.39.0-win32-x64\jre\21.0.5-win32-x86_64\bin\sunmscapi.dll

Deoptimization events (20 events):
Event: 361.616 Thread 0x000002247ecc73c0 Uncommon trap: trap_request=0xffffff45 fr.pc=0x0000022473b152f0 relative=0x0000000000000310
Event: 361.616 Thread 0x000002247ecc73c0 Uncommon trap: reason=unstable_if action=reinterpret pc=0x0000022473b152f0 method=jdk.internal.jimage.ImageStringsReader.stringFromByteBufferMatches(Ljava/nio/ByteBuffer;ILjava/lang/String;I)I @ 59 c2
Event: 361.616 Thread 0x000002247ecc73c0 DEOPT PACKING pc=0x0000022473b152f0 sp=0x00000040853fd340
Event: 361.616 Thread 0x000002247ecc73c0 DEOPT UNPACKING pc=0x00000224732b3aa2 sp=0x00000040853fd2b8 mode 2
Event: 361.616 Thread 0x000002247ecc73c0 Uncommon trap: trap_request=0xffffff45 fr.pc=0x0000022473b34aec relative=0x000000000000086c
Event: 361.616 Thread 0x000002247ecc73c0 Uncommon trap: reason=unstable_if action=reinterpret pc=0x0000022473b34aec method=jdk.internal.jrtfs.JrtFileSystem.checkNode(Ljdk/internal/jrtfs/JrtPath;)Ljdk/internal/jimage/ImageReader$Node; @ 16 c2
Event: 361.616 Thread 0x000002247ecc73c0 DEOPT PACKING pc=0x0000022473b34aec sp=0x00000040853fd630
Event: 361.616 Thread 0x000002247ecc73c0 DEOPT UNPACKING pc=0x00000224732b3aa2 sp=0x00000040853fd640 mode 2
Event: 361.616 Thread 0x000002247ecc73c0 Uncommon trap: trap_request=0xffffff45 fr.pc=0x0000022473fe61b8 relative=0x0000000000001098
Event: 361.616 Thread 0x000002247ecc73c0 Uncommon trap: reason=unstable_if action=reinterpret pc=0x0000022473fe61b8 method=org.eclipse.jdt.internal.compiler.util.JrtFileSystem.getClassfileFromModule(Ljava/lang/String;Ljava/lang/String;)Lorg/eclipse/jdt/internal/compiler/classfmt/ClassFileReader;
Event: 361.616 Thread 0x000002247ecc73c0 DEOPT PACKING pc=0x0000022473fe61b8 sp=0x00000040853fdac0
Event: 361.616 Thread 0x000002247ecc73c0 DEOPT UNPACKING pc=0x00000224732b3aa2 sp=0x00000040853fd9c8 mode 2
Event: 361.617 Thread 0x000002247ecc73c0 Uncommon trap: trap_request=0xffffff45 fr.pc=0x0000022473fe95a8 relative=0x0000000000001088
Event: 361.617 Thread 0x000002247ecc73c0 Uncommon trap: reason=unstable_if action=reinterpret pc=0x0000022473fe95a8 method=org.eclipse.jdt.internal.compiler.util.JrtFileSystem.getClassfileFromModule(Ljava/lang/String;Ljava/lang/String;)Lorg/eclipse/jdt/internal/compiler/classfmt/ClassFileReader;
Event: 361.617 Thread 0x000002247ecc73c0 DEOPT PACKING pc=0x0000022473fe95a8 sp=0x00000040853fda10
Event: 361.617 Thread 0x000002247ecc73c0 DEOPT UNPACKING pc=0x00000224732b3aa2 sp=0x00000040853fd9f0 mode 2
Event: 361.629 Thread 0x000002247ecc8e00 Uncommon trap: trap_request=0xfffffff4 fr.pc=0x0000022473e08c04 relative=0x0000000000003184
Event: 361.629 Thread 0x000002247ecc8e00 Uncommon trap: reason=null_check action=make_not_entrant pc=0x0000022473e08c04 method=org.eclipse.jdt.internal.core.index.DiskIndex.readCategoryTable([CZ)Lorg/eclipse/jdt/internal/compiler/util/HashtableOfObject; @ 48 c2
Event: 361.630 Thread 0x000002247ecc8e00 DEOPT PACKING pc=0x0000022473e08c04 sp=0x00000040856ff240
Event: 361.630 Thread 0x000002247ecc8e00 DEOPT UNPACKING pc=0x00000224732b3aa2 sp=0x00000040856ff208 mode 2

Classes loaded (20 events):
Event: 43.063 Loading class com/sun/crypto/provider/CipherBlockChaining done
Event: 43.063 Loading class javax/crypto/NullCipher
Event: 43.063 Loading class javax/crypto/NullCipher done
Event: 43.063 Loading class sun/security/util/ArrayUtil
Event: 43.079 Loading class jdk/internal/ref/CleanerImpl$InnocuousThreadFactory done
Event: 43.085 Loading class sun/security/util/ArrayUtil done
Event: 43.204 Loading class java/util/zip/CheckedInputStream
Event: 43.247 Loading class java/util/zip/CheckedInputStream done
Event: 43.389 Loading class java/util/zip/GZIPInputStream$1
Event: 43.389 Loading class java/util/zip/GZIPInputStream$1 done
Event: 273.111 Loading class java/util/stream/ReduceOps$2
Event: 273.112 Loading class java/util/stream/ReduceOps$2 done
Event: 273.112 Loading class java/util/stream/ReduceOps$2ReducingSink
Event: 273.112 Loading class java/util/stream/ReduceOps$2ReducingSink done
Event: 285.199 Loading class java/util/stream/IntPipeline$1
Event: 285.199 Loading class java/util/stream/IntPipeline$1 done
Event: 285.199 Loading class java/util/stream/IntPipeline$1$1
Event: 285.199 Loading class java/util/stream/IntPipeline$1$1 done
Event: 361.619 Loading class java/nio/file/Files$2
Event: 361.619 Loading class java/nio/file/Files$2 done

Classes unloaded (7 events):
Event: 28.755 Thread 0x000002247d58ea30 Unloading class 0x0000022401198c00 'java/lang/invoke/LambdaForm$MH+0x0000022401198c00'
Event: 28.755 Thread 0x000002247d58ea30 Unloading class 0x0000022401198800 'java/lang/invoke/LambdaForm$MH+0x0000022401198800'
Event: 28.755 Thread 0x000002247d58ea30 Unloading class 0x0000022401198400 'java/lang/invoke/LambdaForm$MH+0x0000022401198400'
Event: 28.755 Thread 0x000002247d58ea30 Unloading class 0x0000022401198000 'java/lang/invoke/LambdaForm$MH+0x0000022401198000'
Event: 28.755 Thread 0x000002247d58ea30 Unloading class 0x0000022401197c00 'java/lang/invoke/LambdaForm$BMH+0x0000022401197c00'
Event: 28.755 Thread 0x000002247d58ea30 Unloading class 0x0000022401197800 'java/lang/invoke/LambdaForm$DMH+0x0000022401197800'
Event: 28.755 Thread 0x000002247d58ea30 Unloading class 0x0000022401196400 'java/lang/invoke/LambdaForm$DMH+0x0000022401196400'

Classes redefined (0 events):
No events

Internal exceptions (20 events):
Event: 324.856 Thread 0x00000224467b2bd0 Exception <a 'java/lang/NoSuchMethodError'{0x00000000eac18f40}: 'void java.lang.invoke.DirectMethodHandle$Holder.invokeSpecial(java.lang.Object, java.lang.Object, int)'> (0x00000000eac18f40) 
thrown [s\src\hotspot\share\interpreter\linkResolver.cpp, line 773]
Event: 325.163 Thread 0x00000224467b2bd0 Exception <a 'java/lang/ArrayIndexOutOfBoundsException'{0x00000000eab049b8}> (0x00000000eab049b8) 
thrown [s\src\hotspot\share\runtime\sharedRuntime.cpp, line 625]
Event: 325.163 Thread 0x00000224467b2bd0 Exception <a 'java/lang/ArrayIndexOutOfBoundsException'{0x00000000eab05240}> (0x00000000eab05240) 
thrown [s\src\hotspot\share\runtime\sharedRuntime.cpp, line 625]
Event: 325.163 Thread 0x00000224467b2bd0 Exception <a 'java/lang/ArrayIndexOutOfBoundsException'{0x00000000eab05ac8}> (0x00000000eab05ac8) 
thrown [s\src\hotspot\share\runtime\sharedRuntime.cpp, line 625]
Event: 325.163 Thread 0x00000224467b2bd0 Exception <a 'java/lang/ArrayIndexOutOfBoundsException'{0x00000000eab06350}> (0x00000000eab06350) 
thrown [s\src\hotspot\share\runtime\sharedRuntime.cpp, line 625]
Event: 325.163 Thread 0x00000224467b2bd0 Exception <a 'java/lang/ArrayIndexOutOfBoundsException'{0x00000000eab06bd8}> (0x00000000eab06bd8) 
thrown [s\src\hotspot\share\runtime\sharedRuntime.cpp, line 625]
Event: 325.163 Thread 0x00000224467b2bd0 Exception <a 'java/lang/ArrayIndexOutOfBoundsException'{0x00000000eab07460}> (0x00000000eab07460) 
thrown [s\src\hotspot\share\runtime\sharedRuntime.cpp, line 625]
Event: 325.163 Thread 0x00000224467b2bd0 Exception <a 'java/lang/ArrayIndexOutOfBoundsException'{0x00000000eab08990}> (0x00000000eab08990) 
thrown [s\src\hotspot\share\runtime\sharedRuntime.cpp, line 625]
Event: 325.163 Thread 0x00000224467b2bd0 Exception <a 'java/lang/ArrayIndexOutOfBoundsException'{0x00000000eab09218}> (0x00000000eab09218) 
thrown [s\src\hotspot\share\runtime\sharedRuntime.cpp, line 625]
Event: 325.163 Thread 0x00000224467b2bd0 Exception <a 'java/lang/ArrayIndexOutOfBoundsException'{0x00000000eab09aa0}> (0x00000000eab09aa0) 
thrown [s\src\hotspot\share\runtime\sharedRuntime.cpp, line 625]
Event: 325.163 Thread 0x00000224467b2bd0 Exception <a 'java/lang/ArrayIndexOutOfBoundsException'{0x00000000eab0a328}> (0x00000000eab0a328) 
thrown [s\src\hotspot\share\runtime\sharedRuntime.cpp, line 625]
Event: 327.297 Thread 0x00000224467b1eb0 Exception <a 'java/lang/IncompatibleClassChangeError'{0x00000000eac95060}: Found class java.lang.Object, but interface was expected> (0x00000000eac95060) 
thrown [s\src\hotspot\share\interpreter\linkResolver.cpp, line 840]
Event: 327.328 Thread 0x00000224467b1eb0 Exception <a 'java/lang/ArrayIndexOutOfBoundsException'{0x00000000ead6cc50}> (0x00000000ead6cc50) 
thrown [s\src\hotspot\share\runtime\sharedRuntime.cpp, line 625]
Event: 327.353 Thread 0x00000224467b1eb0 Exception <a 'java/lang/ArrayIndexOutOfBoundsException'{0x00000000eab66ab0}> (0x00000000eab66ab0) 
thrown [s\src\hotspot\share\runtime\sharedRuntime.cpp, line 625]
Event: 327.356 Thread 0x00000224467b1eb0 Exception <a 'java/lang/ArrayIndexOutOfBoundsException'{0x00000000eab68320}> (0x00000000eab68320) 
thrown [s\src\hotspot\share\runtime\sharedRuntime.cpp, line 625]
Event: 327.356 Thread 0x00000224467b1eb0 Exception <a 'java/lang/ArrayIndexOutOfBoundsException'{0x00000000eab688f8}> (0x00000000eab688f8) 
thrown [s\src\hotspot\share\runtime\sharedRuntime.cpp, line 625]
Event: 333.376 Thread 0x00000224467b1eb0 Exception <a 'java/lang/ArrayIndexOutOfBoundsException'{0x00000000ead78790}> (0x00000000ead78790) 
thrown [s\src\hotspot\share\runtime\sharedRuntime.cpp, line 625]
Event: 349.169 Thread 0x00000224467b1eb0 Exception <a 'java/lang/IncompatibleClassChangeError'{0x00000000eacdfb88}: Found class java.lang.Object, but interface was expected> (0x00000000eacdfb88) 
thrown [s\src\hotspot\share\interpreter\linkResolver.cpp, line 840]
Event: 349.169 Thread 0x00000224467b1eb0 Exception <a 'java/lang/IncompatibleClassChangeError'{0x00000000eace3cc8}: Found class java.lang.Object, but interface was expected> (0x00000000eace3cc8) 
thrown [s\src\hotspot\share\interpreter\linkResolver.cpp, line 840]
Event: 361.616 Thread 0x000002247ecc8e00 Implicit null exception at 0x0000022473decee2 to 0x0000022473ded31c

ZGC Phase Switch (0 events):
No events

VM Operations (20 events):
Event: 349.223 Executing VM operation: ParallelGCFailedAllocation (Allocation Failure)
Event: 349.224 Executing VM operation: ParallelGCFailedAllocation (Allocation Failure) done
Event: 350.263 Executing VM operation: HandshakeAllThreads (Deoptimize)
Event: 350.263 Executing VM operation: HandshakeAllThreads (Deoptimize) done
Event: 350.263 Executing VM operation: Cleanup
Event: 350.263 Executing VM operation: Cleanup done
Event: 350.299 Executing VM operation: HandshakeAllThreads (Deoptimize)
Event: 350.299 Executing VM operation: HandshakeAllThreads (Deoptimize) done
Event: 350.566 Executing VM operation: ParallelGCFailedAllocation (Allocation Failure)
Event: 350.568 Executing VM operation: ParallelGCFailedAllocation (Allocation Failure) done
Event: 352.568 Executing VM operation: Cleanup
Event: 352.568 Executing VM operation: Cleanup done
Event: 358.569 Executing VM operation: Cleanup
Event: 358.569 Executing VM operation: Cleanup done
Event: 361.249 Executing VM operation: HandshakeAllThreads (HandshakeForDeflation)
Event: 361.249 Executing VM operation: HandshakeAllThreads (HandshakeForDeflation) done
Event: 361.249 Executing VM operation: RendezvousGCThreads
Event: 361.249 Executing VM operation: RendezvousGCThreads done
Event: 361.514 Executing VM operation: ParallelGCFailedAllocation (Allocation Failure)
Event: 361.516 Executing VM operation: ParallelGCFailedAllocation (Allocation Failure) done

Memory protections (0 events):
No events

Nmethod flushes (20 events):
Event: 41.951 Thread 0x000002247d58ea30 flushing  nmethod 0x000002246c5b1410
Event: 41.951 Thread 0x000002247d58ea30 flushing  nmethod 0x000002246c5c3b90
Event: 41.951 Thread 0x000002247d58ea30 flushing  nmethod 0x000002246c5c4a90
Event: 41.951 Thread 0x000002247d58ea30 flushing  nmethod 0x000002246c5c5a10
Event: 41.951 Thread 0x000002247d58ea30 flushing  nmethod 0x000002246c5c6110
Event: 41.951 Thread 0x000002247d58ea30 flushing  nmethod 0x000002246c5c6710
Event: 41.951 Thread 0x000002247d58ea30 flushing  nmethod 0x000002246c5c6f90
Event: 41.951 Thread 0x000002247d58ea30 flushing  nmethod 0x000002246c5c9110
Event: 41.951 Thread 0x000002247d58ea30 flushing  nmethod 0x000002246c5ccc10
Event: 41.951 Thread 0x000002247d58ea30 flushing  nmethod 0x000002246c5d5290
Event: 41.951 Thread 0x000002247d58ea30 flushing  nmethod 0x000002246c5dcc10
Event: 41.951 Thread 0x000002247d58ea30 flushing  nmethod 0x000002246c5e2690
Event: 41.951 Thread 0x000002247d58ea30 flushing  nmethod 0x000002246c601410
Event: 41.951 Thread 0x000002247d58ea30 flushing  nmethod 0x000002246c60ce90
Event: 41.951 Thread 0x000002247d58ea30 flushing  nmethod 0x000002246c625690
Event: 41.951 Thread 0x000002247d58ea30 flushing  nmethod 0x000002246c642d90
Event: 41.951 Thread 0x000002247d58ea30 flushing  nmethod 0x000002246c67c590
Event: 41.951 Thread 0x000002247d58ea30 flushing  nmethod 0x000002246c693d90
Event: 41.951 Thread 0x000002247d58ea30 flushing  nmethod 0x000002246c695890
Event: 41.951 Thread 0x000002247d58ea30 flushing  nmethod 0x000002246c6a6a90

Events (20 events):
Event: 41.076 Thread 0x000002244699f540 Thread exited: 0x000002244699f540
Event: 41.236 Thread 0x00000224467b38f0 Thread added: 0x00000224467ad680
Event: 41.480 Thread 0x000002247d5c0cc0 Thread added: 0x0000022446a99010
Event: 41.822 Thread 0x0000022446a99010 Thread exited: 0x0000022446a99010
Event: 42.649 Thread 0x000002247d5d20c0 Thread added: 0x0000022446befbb0
Event: 43.079 Thread 0x00000224467b38f0 Thread added: 0x000002247ecc6010
Event: 43.869 Thread 0x00000224467ad680 Thread exited: 0x00000224467ad680
Event: 47.928 Thread 0x0000022446befbb0 Thread exited: 0x0000022446befbb0
Event: 101.563 Thread 0x00000224467af0c0 Thread exited: 0x00000224467af0c0
Event: 101.564 Thread 0x00000224467afde0 Thread exited: 0x00000224467afde0
Event: 101.564 Thread 0x000002247ecc7a50 Thread exited: 0x000002247ecc7a50
Event: 101.570 Thread 0x000002247ecc9490 Thread exited: 0x000002247ecc9490
Event: 164.392 Thread 0x00000224467b2bd0 Thread exited: 0x00000224467b2bd0
Event: 224.392 Thread 0x00000224467b38f0 Thread exited: 0x00000224467b38f0
Event: 272.646 Thread 0x00000224467b1820 Thread added: 0x00000224467b2bd0
Event: 273.805 Thread 0x00000224467b1eb0 Thread added: 0x00000224467b38f0
Event: 295.874 Thread 0x000002247d5d20c0 Thread added: 0x00000224460302c0
Event: 296.739 Thread 0x00000224460302c0 Thread exited: 0x00000224460302c0
Event: 322.167 Thread 0x000002247ecc73c0 Thread added: 0x00000224467afde0
Event: 358.128 Thread 0x000002247ecc73c0 Thread added: 0x0000022446bef240


Dynamic libraries:
0x00007ff7500a0000 - 0x00007ff7500ae000 	c:\Users\PWD EDU\.vscode\extensions\redhat.java-1.39.0-win32-x64\jre\21.0.5-win32-x86_64\bin\java.exe
0x00007ff8155d0000 - 0x00007ff8157c8000 	C:\WINDOWS\SYSTEM32\ntdll.dll
0x00007ff815280000 - 0x00007ff815342000 	C:\WINDOWS\System32\KERNEL32.DLL
0x00007ff813100000 - 0x00007ff8133ff000 	C:\WINDOWS\System32\KERNELBASE.dll
0x00007ff813400000 - 0x00007ff813500000 	C:\WINDOWS\System32\ucrtbase.dll
0x00007ff80bd00000 - 0x00007ff80bd18000 	c:\Users\PWD EDU\.vscode\extensions\redhat.java-1.39.0-win32-x64\jre\21.0.5-win32-x86_64\bin\jli.dll
0x00007ff813740000 - 0x00007ff8138dd000 	C:\WINDOWS\System32\USER32.dll
0x00007ff812dc0000 - 0x00007ff812de2000 	C:\WINDOWS\System32\win32u.dll
0x00007ff815490000 - 0x00007ff8154bb000 	C:\WINDOWS\System32\GDI32.dll
0x00007ff812e60000 - 0x00007ff812f77000 	C:\WINDOWS\System32\gdi32full.dll
0x00007ff812fd0000 - 0x00007ff81306d000 	C:\WINDOWS\System32\msvcp_win.dll
0x00007ff802ab0000 - 0x00007ff802d4a000 	C:\WINDOWS\WinSxS\amd64_microsoft.windows.common-controls_6595b64144ccf1df_6.0.19041.4355_none_60b8b9eb71f62e16\COMCTL32.dll
0x00007ff8136a0000 - 0x00007ff81373e000 	C:\WINDOWS\System32\msvcrt.dll
0x00007ff808260000 - 0x00007ff80827e000 	c:\Users\PWD EDU\.vscode\extensions\redhat.java-1.39.0-win32-x64\jre\21.0.5-win32-x86_64\bin\VCRUNTIME140.dll
0x00007ff815020000 - 0x00007ff81504f000 	C:\WINDOWS\System32\IMM32.DLL
0x00007ff808070000 - 0x00007ff80807c000 	c:\Users\PWD EDU\.vscode\extensions\redhat.java-1.39.0-win32-x64\jre\21.0.5-win32-x86_64\bin\vcruntime140_1.dll
0x00007ffff8280000 - 0x00007ffff830d000 	c:\Users\PWD EDU\.vscode\extensions\redhat.java-1.39.0-win32-x64\jre\21.0.5-win32-x86_64\bin\msvcp140.dll
0x00007fffb04e0000 - 0x00007fffb126f000 	c:\Users\PWD EDU\.vscode\extensions\redhat.java-1.39.0-win32-x64\jre\21.0.5-win32-x86_64\bin\server\jvm.dll
0x00007ff814250000 - 0x00007ff814301000 	C:\WINDOWS\System32\ADVAPI32.dll
0x00007ff813600000 - 0x00007ff81369f000 	C:\WINDOWS\System32\sechost.dll
0x00007ff813b40000 - 0x00007ff813c63000 	C:\WINDOWS\System32\RPCRT4.dll
0x00007ff8135b0000 - 0x00007ff8135d7000 	C:\WINDOWS\System32\bcrypt.dll
0x00007ff815050000 - 0x00007ff8150bb000 	C:\WINDOWS\System32\WS2_32.dll
0x00007ff812a10000 - 0x00007ff812a5b000 	C:\WINDOWS\SYSTEM32\POWRPROF.dll
0x00007ff80a3a0000 - 0x00007ff80a3c7000 	C:\WINDOWS\SYSTEM32\WINMM.dll
0x00007ff80bb70000 - 0x00007ff80bb7a000 	C:\WINDOWS\SYSTEM32\VERSION.dll
0x00007ff8129f0000 - 0x00007ff812a02000 	C:\WINDOWS\SYSTEM32\UMPDC.dll
0x00007ff810ac0000 - 0x00007ff810ad2000 	C:\WINDOWS\SYSTEM32\kernel.appcore.dll
0x00007ff808060000 - 0x00007ff80806a000 	c:\Users\PWD EDU\.vscode\extensions\redhat.java-1.39.0-win32-x64\jre\21.0.5-win32-x86_64\bin\jimage.dll
0x00007ff800ac0000 - 0x00007ff800ca4000 	C:\WINDOWS\SYSTEM32\DBGHELP.DLL
0x00007ff800a80000 - 0x00007ff800ab4000 	C:\WINDOWS\SYSTEM32\dbgcore.DLL
0x00007ff813070000 - 0x00007ff8130f2000 	C:\WINDOWS\System32\bcryptPrimitives.dll
0x00007ff807be0000 - 0x00007ff807bef000 	c:\Users\PWD EDU\.vscode\extensions\redhat.java-1.39.0-win32-x64\jre\21.0.5-win32-x86_64\bin\instrument.dll
0x00007ff807bc0000 - 0x00007ff807bdf000 	c:\Users\PWD EDU\.vscode\extensions\redhat.java-1.39.0-win32-x64\jre\21.0.5-win32-x86_64\bin\java.dll
0x00007ff814310000 - 0x00007ff814a7e000 	C:\WINDOWS\System32\SHELL32.dll
0x00007ff810cc0000 - 0x00007ff811464000 	C:\WINDOWS\SYSTEM32\windows.storage.dll
0x00007ff813e80000 - 0x00007ff8141d5000 	C:\WINDOWS\System32\combase.dll
0x00007ff812620000 - 0x00007ff81264f000 	C:\WINDOWS\SYSTEM32\Wldp.dll
0x00007ff8154c0000 - 0x00007ff81558d000 	C:\WINDOWS\System32\OLEAUT32.dll
0x00007ff8138e0000 - 0x00007ff81398d000 	C:\WINDOWS\System32\SHCORE.dll
0x00007ff813e20000 - 0x00007ff813e75000 	C:\WINDOWS\System32\shlwapi.dll
0x00007ff812b90000 - 0x00007ff812bb4000 	C:\WINDOWS\SYSTEM32\profapi.dll
0x00007ff806750000 - 0x00007ff806768000 	c:\Users\PWD EDU\.vscode\extensions\redhat.java-1.39.0-win32-x64\jre\21.0.5-win32-x86_64\bin\zip.dll
0x00007ff807bb0000 - 0x00007ff807bc0000 	C:\Users\PWD EDU\.vscode\extensions\redhat.java-1.39.0-win32-x64\jre\21.0.5-win32-x86_64\bin\net.dll
0x00007ff80c610000 - 0x00007ff80c71d000 	C:\WINDOWS\SYSTEM32\WINHTTP.dll
0x00007ff812380000 - 0x00007ff8123ea000 	C:\WINDOWS\system32\mswsock.dll
0x00007ff8050a0000 - 0x00007ff8050b6000 	C:\Users\PWD EDU\.vscode\extensions\redhat.java-1.39.0-win32-x64\jre\21.0.5-win32-x86_64\bin\nio.dll
0x00007ff8050d0000 - 0x00007ff8050e0000 	c:\Users\PWD EDU\.vscode\extensions\redhat.java-1.39.0-win32-x64\jre\21.0.5-win32-x86_64\bin\verify.dll
0x00007ffff9420000 - 0x00007ffff9465000 	C:\Users\PWD EDU\AppData\Roaming\Code\User\globalStorage\redhat.java\1.39.0\config_win\org.eclipse.equinox.launcher\org.eclipse.equinox.launcher.win32.win32.x86_64_1.2.1100.v20240722-2106\eclipse_11904.dll
0x00007ff8150c0000 - 0x00007ff8151eb000 	C:\WINDOWS\System32\ole32.dll
0x00007ff812570000 - 0x00007ff812588000 	C:\WINDOWS\SYSTEM32\CRYPTSP.dll
0x00007ff811ca0000 - 0x00007ff811cd4000 	C:\WINDOWS\system32\rsaenh.dll
0x00007ff812b50000 - 0x00007ff812b7e000 	C:\WINDOWS\SYSTEM32\USERENV.dll
0x00007ff812590000 - 0x00007ff81259c000 	C:\WINDOWS\SYSTEM32\CRYPTBASE.dll
0x00007ff812060000 - 0x00007ff81209b000 	C:\WINDOWS\SYSTEM32\IPHLPAPI.DLL
0x00007ff8141e0000 - 0x00007ff8141e8000 	C:\WINDOWS\System32\NSI.dll
0x00007ffff7f00000 - 0x00007ffff7f49000 	C:\Users\PWD EDU\AppData\Local\Temp\jna-540407827\jna2355783463246249316.dll
0x00007ff8135f0000 - 0x00007ff8135f8000 	C:\WINDOWS\System32\PSAPI.DLL
0x00007ff80ae80000 - 0x00007ff80ae97000 	C:\WINDOWS\SYSTEM32\dhcpcsvc6.DLL
0x00007ff80b5a0000 - 0x00007ff80b5bd000 	C:\WINDOWS\SYSTEM32\dhcpcsvc.DLL
0x00007ff80f020000 - 0x00007ff80f02e000 	C:\Users\PWD EDU\.vscode\extensions\redhat.java-1.39.0-win32-x64\jre\21.0.5-win32-x86_64\bin\sunmscapi.dll
0x00007ff812c60000 - 0x00007ff812dbc000 	C:\WINDOWS\System32\CRYPT32.dll
0x00007ff812690000 - 0x00007ff8126b7000 	C:\WINDOWS\SYSTEM32\ncrypt.dll
0x00007ff812650000 - 0x00007ff81268b000 	C:\WINDOWS\SYSTEM32\NTASN1.dll

dbghelp: loaded successfully - version: 4.0.5 - missing functions: none
symbol engine: initialized successfully - sym options: 0x614 - pdb path: .;c:\Users\PWD EDU\.vscode\extensions\redhat.java-1.39.0-win32-x64\jre\21.0.5-win32-x86_64\bin;C:\WINDOWS\SYSTEM32;C:\WINDOWS\WinSxS\amd64_microsoft.windows.common-controls_6595b64144ccf1df_6.0.19041.4355_none_60b8b9eb71f62e16;c:\Users\PWD EDU\.vscode\extensions\redhat.java-1.39.0-win32-x64\jre\21.0.5-win32-x86_64\bin\server;C:\Users\PWD EDU\AppData\Roaming\Code\User\globalStorage\redhat.java\1.39.0\config_win\org.eclipse.equinox.launcher\org.eclipse.equinox.launcher.win32.win32.x86_64_1.2.1100.v20240722-2106;C:\Users\PWD EDU\AppData\Local\Temp\jna-540407827

VM Arguments:
jvm_args: --add-modules=ALL-SYSTEM --add-opens=java.base/java.util=ALL-UNNAMED --add-opens=java.base/java.lang=ALL-UNNAMED --add-opens=java.base/sun.nio.fs=ALL-UNNAMED -Declipse.application=org.eclipse.jdt.ls.core.id1 -Dosgi.bundles.defaultStartLevel=4 -Declipse.product=org.eclipse.jdt.ls.core.product -Djava.import.generatesMetadataFilesAtProjectRoot=false -DDetectVMInstallationsJob.disabled=true -Dfile.encoding=utf8 -XX:+UseParallelGC -XX:GCTimeRatio=4 -XX:AdaptiveSizePolicyWeight=90 -Dsun.zip.disableMemoryMapping=true -Xmx1G -Xms100m -Xlog:disable -javaagent:c:\Users\PWD EDU\.vscode\extensions\redhat.java-1.39.0-win32-x64\lombok\lombok-1.18.34.jar -XX:+HeapDumpOnOutOfMemoryError -XX:HeapDumpPath=c:\Users\PWD EDU\AppData\Roaming\Code\User\workspaceStorage\5671c5f28bfb7e9067cf771c2b3cd341\redhat.java -Daether.dependencyCollector.impl=bf 
java_command: c:\Users\PWD EDU\.vscode\extensions\redhat.java-1.39.0-win32-x64\server\plugins\org.eclipse.equinox.launcher_1.6.900.v20240613-2009.jar -configuration c:\Users\PWD EDU\AppData\Roaming\Code\User\globalStorage\redhat.java\1.39.0\config_win -data c:\Users\PWD EDU\AppData\Roaming\Code\User\workspaceStorage\5671c5f28bfb7e9067cf771c2b3cd341\redhat.java\jdt_ws --pipe=\\.\pipe\lsp-6f149087854f2b2c08c8a72ff02f42e8-sock
java_class_path (initial): c:\Users\PWD EDU\.vscode\extensions\redhat.java-1.39.0-win32-x64\server\plugins\org.eclipse.equinox.launcher_1.6.900.v20240613-2009.jar
Launcher Type: SUN_STANDARD

[Global flags]
    uintx AdaptiveSizePolicyWeight                 = 90                                        {product} {command line}
     intx CICompilerCount                          = 3                                         {product} {ergonomic}
    uintx GCTimeRatio                              = 4                                         {product} {command line}
     bool HeapDumpOnOutOfMemoryError               = true                                   {manageable} {command line}
    ccstr HeapDumpPath                             = c:\Users\PWD EDU\AppData\Roaming\Code\User\workspaceStorage\5671c5f28bfb7e9067cf771c2b3cd341\redhat.java         {manageable} {command line}
   size_t InitialHeapSize                          = 104857600                                 {product} {command line}
   size_t MaxHeapSize                              = 1073741824                                {product} {command line}
   size_t MaxNewSize                               = 357564416                                 {product} {ergonomic}
   size_t MinHeapDeltaBytes                        = 524288                                    {product} {ergonomic}
   size_t MinHeapSize                              = 104857600                                 {product} {command line}
   size_t NewSize                                  = 34603008                                  {product} {ergonomic}
    uintx NonNMethodCodeHeapSize                   = 5832780                                {pd product} {ergonomic}
    uintx NonProfiledCodeHeapSize                  = 122912730                              {pd product} {ergonomic}
   size_t OldSize                                  = 70254592                                  {product} {ergonomic}
    uintx ProfiledCodeHeapSize                     = 122912730                              {pd product} {ergonomic}
    uintx ReservedCodeCacheSize                    = 251658240                              {pd product} {ergonomic}
     bool SegmentedCodeCache                       = true                                      {product} {ergonomic}
   size_t SoftMaxHeapSize                          = 1073741824                             {manageable} {ergonomic}
     bool UseCompressedOops                        = true                           {product lp64_product} {ergonomic}
     bool UseLargePagesIndividualAllocation        = false                                  {pd product} {ergonomic}
     bool UseParallelGC                            = true                                      {product} {command line}

Logging:
Log output configuration:
 #0: stdout all=off uptime,level,tags foldmultilines=false
 #1: stderr all=off uptime,level,tags foldmultilines=false

Environment Variables:
JAVA_HOME=C:\Program Files\Java\jdk-23
PATH=C:\Program Files\Common Files\Oracle\Java\javapath;C:\Program Files (x86)\Common Files\Oracle\Java\javapath;C:\Program Files\Broadcom\Broadcom 802.11;c:\Program Files (x86)\Intel\iCLS Client\;c:\Program Files\Intel\iCLS Client\;C:\Program Files (x86)\NVIDIA Corporation\PhysX\Common;C:\WINDOWS\system32;C:\WINDOWS;C:\WINDOWS\System32\Wbem;C:\WINDOWS\System32\WindowsPowerShell\v1.0\;C:\Program Files\Intel\Intel(R) Management Engine Components\DAL;C:\Program Files\Intel\Intel(R) Management Engine Components\IPT;C:\Program Files (x86)\Intel\Intel(R) Management Engine Components\DAL;C:\Program Files (x86)\Intel\Intel(R) Management Engine Components\IPT;C:\Program Files\Hewlett-Packard\SimplePass\;C:\WINDOWS\System32\OpenSSH\;C:\MinGW\bin;C:\Program Files\Git\cmd;C:\Program Files\Git\mingw64\bin;C:\Program Files\Git\usr\bin;C:\Program Files\Java\jdk-23\bin;C:\Users\PWD EDU\AppData\Local\Programs\Python\Python312\Scripts\;C:\Users\PWD EDU\AppData\Local\Programs\Python\Python312\;C:\Users\PWD EDU\AppData\Local\Microsoft\WindowsApps;C:\Users\PWD EDU\AppData\Local\Programs\Microsoft VS Code\bin;C:\Users\PWD EDU\Downloads\flutter_windows_3.24.3-stable\flutter\bin;
USERNAME=PWD EDU
OS=Windows_NT
PROCESSOR_IDENTIFIER=Intel64 Family 6 Model 60 Stepping 3, GenuineIntel
TMP=C:\Users\PWDEDU~1\AppData\Local\Temp
TEMP=C:\Users\PWDEDU~1\AppData\Local\Temp




Periodic native trim disabled

---------------  S Y S T E M  ---------------

OS:
 Windows 10 , 64 bit Build 19041 (10.0.19041.5198)
OS uptime: 0 days 2:02 hours

CPU: total 4 (initial active 4) (4 cores per cpu, 1 threads per core) family 6 model 60 stepping 3 microcode 0x27, cx8, cmov, fxsr, mmx, sse, sse2, sse3, ssse3, sse4.1, sse4.2, popcnt, lzcnt, tsc, tscinvbit, avx, avx2, aes, erms, clmul, bmi1, bmi2, fma, vzeroupper, clflush, rdtscp, f16c
Processor Information for all 4 processors :
  Max Mhz: 2001, Current Mhz: 2001, Mhz Limit: 2001

Memory: 4k page, system-wide physical 3976M (487M free)
TotalPageFile size 8072M (AvailPageFile size 327M)
current process WorkingSet (physical memory assigned to process): 273M, peak: 358M
current process commit charge ("private bytes"): 434M, peak: 435M

vm_info: OpenJDK 64-Bit Server VM (21.0.5+11-LTS) for windows-amd64 JRE (21.0.5+11-LTS), built on 2024-10-15T00:00:00Z by "admin" with MS VC++ 17.7 (VS2022)

END.
