#
# There is insufficient memory for the Java Runtime Environment to continue.
# Native memory allocation (mmap) failed to map 67108864 bytes. Error detail: G1 virtual space
# Possible reasons:
#   The system is out of physical RAM or swap space
#   This process is running with CompressedOops enabled, and the Java Heap may be blocking the growth of the native heap
# Possible solutions:
#   Reduce memory load on the system
#   Increase physical memory or swap space
#   Check if swap backing store is full
#   Decrease Java heap size (-Xmx/-Xms)
#   Decrease number of Java threads
#   Decrease Java thread stack sizes (-Xss)
#   Set larger code cache with -XX:ReservedCodeCacheSize=
#   JVM is running with Unscaled Compressed Oops mode in which the Java heap is
#     placed in the first 4GB address space. The Java Heap base address is the
#     maximum limit for the native heap growth. Please use -XX:HeapBaseMinAddress
#     to set the Java Heap base and to place the Java Heap above 4GB virtual address.
# This output file may be truncated or incomplete.
#
#  Out of Memory Error (os_windows.cpp:3703), pid=11532, tid=10576
#
# JRE version:  (23.0+37) (build )
# Java VM: Java HotSpot(TM) 64-Bit Server VM (23+37-2369, mixed mode, sharing, tiered, compressed oops, compressed class ptrs, g1 gc, windows-amd64)
# No core dump will be written. Minidumps are not enabled by default on client versions of Windows
#

---------------  S U M M A R Y ------------

Command Line: loop

Host: Intel(R) Core(TM) i5-4590T CPU @ 2.00GHz, 4 cores, 3G,  Windows 10 , 64 bit Build 19041 (10.0.19041.5198)
Time: Sun Jan 26 19:08:01 2025 India Standard Time elapsed time: 0.266347 seconds (0d 0h 0m 0s)

---------------  T H R E A D  ---------------

Current thread (0x000001feb264d050):  JavaThread "Unknown thread" [_thread_in_vm, id=10576, stack(0x000000a269700000,0x000000a269800000) (1024K)]

Stack: [0x000000a269700000,0x000000a269800000]
Native frames: (J=compiled Java code, j=interpreted, Vv=VM code, C=native code)
V  [jvm.dll+0x6e08a9]  (no source info available)
V  [jvm.dll+0x87da63]  (no source info available)
V  [jvm.dll+0x87feee]  (no source info available)
V  [jvm.dll+0x8805c3]  (no source info available)
V  [jvm.dll+0x27aee6]  (no source info available)
V  [jvm.dll+0x6dd1b5]  (no source info available)
V  [jvm.dll+0x6d103a]  (no source info available)
V  [jvm.dll+0x35b3ea]  (no source info available)
V  [jvm.dll+0x3637f6]  (no source info available)
V  [jvm.dll+0x34fd5e]  (no source info available)
V  [jvm.dll+0x34fff8]  (no source info available)
V  [jvm.dll+0x3289cc]  (no source info available)
V  [jvm.dll+0x32966e]  (no source info available)
V  [jvm.dll+0x8442e5]  (no source info available)
V  [jvm.dll+0x3b9848]  (no source info available)
V  [jvm.dll+0x82d0dc]  (no source info available)
V  [jvm.dll+0x454d4e]  (no source info available)
V  [jvm.dll+0x456bd1]  (no source info available)
C  [jli.dll+0x52a3]  (no source info available)
C  [ucrtbase.dll+0x21bb2]  (no source info available)
C  [KERNEL32.DLL+0x17374]  (no source info available)
C  [ntdll.dll+0x4cc91]  (no source info available)

Lock stack of current Java thread (top to bottom):


---------------  P R O C E S S  ---------------

Threads class SMR info:
_java_thread_list=0x00007fffc1343618, length=0, elements={
}

Java Threads: ( => current thread )
Total: 0

Other Threads:
  0x000001feb2686ec0 WorkerThread "GC Thread#0"                     [id=11668, stack(0x000000a269800000,0x000000a269900000) (1024K)]
  0x000001feb2692b80 ConcurrentGCThread "G1 Main Marker"            [id=14376, stack(0x000000a269900000,0x000000a269a00000) (1024K)]
  0x000001feb2693d40 WorkerThread "G1 Conc#0"                       [id=14584, stack(0x000000a269a00000,0x000000a269b00000) (1024K)]

[error occurred during error reporting (printing all threads), id 0xc0000005, EXCEPTION_ACCESS_VIOLATION (0xc0000005) at pc=0x00007fffc0a8bfba]
VM state: not at safepoint (not fully initialized)

VM Mutex/Monitor currently owned by a thread:  ([mutex/lock_event])
[0x00007fffc13c3a10] Heap_lock - owner thread: 0x000001feb264d050

Heap address: 0x00000000c1c00000, size: 996 MB, Compressed Oops mode: 32-bit

CDS archive(s) mapped at: [0x0000000000000000-0x0000000000000000-0x0000000000000000), size 0, SharedBaseAddress: 0x0000000800000000, ArchiveRelocationMode: 1.
Narrow klass base: 0x0000000000000000, Narrow klass shift: 0, Narrow klass range: 0x0

GC Precious Log:
 CardTable entry size: 512
 Card Set container configuration: InlinePtr #cards 5 size 8 Array Of Cards #cards 10 size 36 Howl #buckets 4 coarsen threshold 1843 Howl Bitmap #cards 512 size 80 coarsen threshold 460 Card regions per heap region 1 cards per card region 2048

Heap:
 garbage-first heap   total reserved 1019904K, committed 0K, used 0K [0x00000000c1c00000, 0x0000000100000000)
  region size 1024K, 0 young (0K), 0 survivors (0K)

[error occurred during error reporting (printing heap information), id 0xc0000005, EXCEPTION_ACCESS_VIOLATION (0xc0000005) at pc=0x00007fffc0e8c3b9]
GC Heap History (0 events):
No events

Dll operation events (1 events):
Event: 0.011 Loaded shared library C:\Program Files\Java\jdk-23\bin\java.dll

Deoptimization events (0 events):
No events

Classes loaded (0 events):
No events

Classes unloaded (0 events):
No events

Classes redefined (0 events):
No events

Internal exceptions (0 events):
No events

VM Operations (0 events):
No events

Memory protections (0 events):
No events

Nmethod flushes (0 events):
No events

Events (0 events):
No events


Dynamic libraries:
0x00007ff7fc990000 - 0x00007ff7fc9a0000 	C:\Program Files\Java\jdk-23\bin\java.exe
0x00007ff8155d0000 - 0x00007ff8157c8000 	C:\WINDOWS\SYSTEM32\ntdll.dll
0x00007ff815280000 - 0x00007ff815342000 	C:\WINDOWS\System32\KERNEL32.DLL
0x00007ff813100000 - 0x00007ff8133ff000 	C:\WINDOWS\System32\KERNELBASE.dll
0x00007ff813400000 - 0x00007ff813500000 	C:\WINDOWS\System32\ucrtbase.dll
0x00007ff80be40000 - 0x00007ff80be5b000 	C:\Program Files\Java\jdk-23\bin\VCRUNTIME140.dll
0x00007ff8050a0000 - 0x00007ff8050b7000 	C:\Program Files\Java\jdk-23\bin\jli.dll
0x00007ff813740000 - 0x00007ff8138dd000 	C:\WINDOWS\System32\USER32.dll
0x00007ff812dc0000 - 0x00007ff812de2000 	C:\WINDOWS\System32\win32u.dll
0x00007ff815490000 - 0x00007ff8154bb000 	C:\WINDOWS\System32\GDI32.dll
0x00007ff812e60000 - 0x00007ff812f77000 	C:\WINDOWS\System32\gdi32full.dll
0x00007ff812fd0000 - 0x00007ff81306d000 	C:\WINDOWS\System32\msvcp_win.dll
0x00007ff802ab0000 - 0x00007ff802d4a000 	C:\WINDOWS\WinSxS\amd64_microsoft.windows.common-controls_6595b64144ccf1df_6.0.19041.4355_none_60b8b9eb71f62e16\COMCTL32.dll
0x00007ff8136a0000 - 0x00007ff81373e000 	C:\WINDOWS\System32\msvcrt.dll
0x00007ff815020000 - 0x00007ff81504f000 	C:\WINDOWS\System32\IMM32.DLL
0x00007ff80f020000 - 0x00007ff80f02c000 	C:\Program Files\Java\jdk-23\bin\vcruntime140_1.dll
0x00007ffff8ad0000 - 0x00007ffff8b5e000 	C:\Program Files\Java\jdk-23\bin\msvcp140.dll
0x00007fffc0750000 - 0x00007fffc149f000 	C:\Program Files\Java\jdk-23\bin\server\jvm.dll
0x00007ff814250000 - 0x00007ff814301000 	C:\WINDOWS\System32\ADVAPI32.dll
0x00007ff813600000 - 0x00007ff81369f000 	C:\WINDOWS\System32\sechost.dll
0x00007ff813b40000 - 0x00007ff813c63000 	C:\WINDOWS\System32\RPCRT4.dll
0x00007ff8135b0000 - 0x00007ff8135d7000 	C:\WINDOWS\System32\bcrypt.dll
0x00007ff815050000 - 0x00007ff8150bb000 	C:\WINDOWS\System32\WS2_32.dll
0x00007ff812a10000 - 0x00007ff812a5b000 	C:\WINDOWS\SYSTEM32\POWRPROF.dll
0x00007ff80a3a0000 - 0x00007ff80a3c7000 	C:\WINDOWS\SYSTEM32\WINMM.dll
0x00007ff80bb70000 - 0x00007ff80bb7a000 	C:\WINDOWS\SYSTEM32\VERSION.dll
0x00007ff8129f0000 - 0x00007ff812a02000 	C:\WINDOWS\SYSTEM32\UMPDC.dll
0x00007ff810ac0000 - 0x00007ff810ad2000 	C:\WINDOWS\SYSTEM32\kernel.appcore.dll
0x00007ff80ea00000 - 0x00007ff80ea0a000 	C:\Program Files\Java\jdk-23\bin\jimage.dll
0x00007ff800ac0000 - 0x00007ff800ca4000 	C:\WINDOWS\SYSTEM32\DBGHELP.DLL
0x00007ff800a80000 - 0x00007ff800ab4000 	C:\WINDOWS\SYSTEM32\dbgcore.DLL
0x00007ff813070000 - 0x00007ff8130f2000 	C:\WINDOWS\System32\bcryptPrimitives.dll
0x00007ff80be10000 - 0x00007ff80be2e000 	C:\Program Files\Java\jdk-23\bin\java.dll
0x00007ff8150c0000 - 0x00007ff8151eb000 	C:\WINDOWS\System32\ole32.dll
0x00007ff813e80000 - 0x00007ff8141d5000 	C:\WINDOWS\System32\combase.dll
0x00007ff814310000 - 0x00007ff814a7e000 	C:\WINDOWS\System32\SHELL32.dll

dbghelp: loaded successfully - version: 4.0.5 - missing functions: none
symbol engine: initialized successfully - sym options: 0x614 - pdb path: .;C:\Program Files\Java\jdk-23\bin;C:\WINDOWS\SYSTEM32;C:\WINDOWS\WinSxS\amd64_microsoft.windows.common-controls_6595b64144ccf1df_6.0.19041.4355_none_60b8b9eb71f62e16;C:\Program Files\Java\jdk-23\bin\server

VM Arguments:
java_command: loop
java_class_path (initial): .
Launcher Type: SUN_STANDARD

[Global flags]
     intx CICompilerCount                          = 3                                         {product} {ergonomic}
     uint ConcGCThreads                            = 1                                         {product} {ergonomic}
     uint G1ConcRefinementThreads                  = 4                                         {product} {ergonomic}
   size_t G1HeapRegionSize                         = 1048576                                   {product} {ergonomic}
   size_t InitialHeapSize                          = 67108864                                  {product} {ergonomic}
   size_t MarkStackSize                            = 4194304                                   {product} {ergonomic}
   size_t MarkStackSizeMax                         = 536870912                                 {product} {ergonomic}
   size_t MaxHeapSize                              = 1044381696                                {product} {ergonomic}
   size_t MinHeapDeltaBytes                        = 1048576                                   {product} {ergonomic}
   size_t MinHeapSize                              = 8388608                                   {product} {ergonomic}
    uintx NonNMethodCodeHeapSize                   = 5832704                                {pd product} {ergonomic}
    uintx NonProfiledCodeHeapSize                  = 122945536                              {pd product} {ergonomic}
    uintx ProfiledCodeHeapSize                     = 122880000                              {pd product} {ergonomic}
    uintx ReservedCodeCacheSize                    = 251658240                              {pd product} {ergonomic}
     bool SegmentedCodeCache                       = true                                      {product} {ergonomic}
   size_t SoftMaxHeapSize                          = 1044381696                             {manageable} {ergonomic}
     bool UseCompressedOops                        = true                           {product lp64_product} {ergonomic}
     bool UseG1GC                                  = true                                      {product} {ergonomic}
     bool UseLargePagesIndividualAllocation        = false                                  {pd product} {ergonomic}

Logging:
Log output configuration:
 #0: stdout all=warning uptime,level,tags foldmultilines=false
 #1: stderr all=off uptime,level,tags foldmultilines=false

Environment Variables:
JAVA_HOME=C:\Program Files\Java\jdk-23
PATH=C:\Program Files\Common Files\Oracle\Java\javapath;C:\Program Files (x86)\Common Files\Oracle\Java\javapath;C:\Program Files\Broadcom\Broadcom 802.11;c:\Program Files (x86)\Intel\iCLS Client\;c:\Program Files\Intel\iCLS Client\;C:\Program Files (x86)\NVIDIA Corporation\PhysX\Common;C:\WINDOWS\system32;C:\WINDOWS;C:\WINDOWS\System32\Wbem;C:\WINDOWS\System32\WindowsPowerShell\v1.0\;C:\Program Files\Intel\Intel(R) Management Engine Components\DAL;C:\Program Files\Intel\Intel(R) Management Engine Components\IPT;C:\Program Files (x86)\Intel\Intel(R) Management Engine Components\DAL;C:\Program Files (x86)\Intel\Intel(R) Management Engine Components\IPT;C:\Program Files\Hewlett-Packard\SimplePass\;C:\WINDOWS\System32\OpenSSH\;C:\MinGW\bin;C:\Program Files\Git\cmd;C:\Program Files\Git\mingw64\bin;C:\Program Files\Git\usr\bin;C:\Program Files\Java\jdk-23\bin;C:\Users\PWD EDU\AppData\Local\Programs\Python\Python312\Scripts\;C:\Users\PWD EDU\AppData\Local\Programs\Python\Python312\;C:\Users\PWD EDU\AppData\Local\Microsoft\WindowsApps;C:\Users\PWD EDU\AppData\Local\Programs\Microsoft VS Code\bin;C:\Users\PWD EDU\Downloads\flutter_windows_3.24.3-stable\flutter\bin;
USERNAME=PWD EDU
LANG=en_US.UTF-8
OS=Windows_NT
PROCESSOR_IDENTIFIER=Intel64 Family 6 Model 60 Stepping 3, GenuineIntel
TMP=C:\Users\PWDEDU~1\AppData\Local\Temp
TEMP=C:\Users\PWDEDU~1\AppData\Local\Temp




Periodic native trim disabled

---------------  S Y S T E M  ---------------

OS:
 Windows 10 , 64 bit Build 19041 (10.0.19041.5198)
OS uptime: 0 days 1:46 hours

CPU: total 4 (initial active 4) (4 cores per cpu, 1 threads per core) family 6 model 60 stepping 3 microcode 0x27, cx8, cmov, fxsr, mmx, sse, sse2, sse3, ssse3, sse4.1, sse4.2, popcnt, lzcnt, tsc, tscinvbit, avx, avx2, aes, erms, clmul, bmi1, bmi2, fma, vzeroupper, clflush, rdtscp, f16c
Processor Information for the first 4 processors :
  Max Mhz: 2001, Current Mhz: 2001, Mhz Limit: 2001

Memory: 4k page, system-wide physical 3976M (330M free)
TotalPageFile size 8072M (AvailPageFile size 3M)
current process WorkingSet (physical memory assigned to process): 11M, peak: 11M
current process commit charge ("private bytes"): 52M, peak: 115M

vm_info: Java HotSpot(TM) 64-Bit Server VM (23+37-2369) for windows-amd64 JRE (23+37-2369), built on 2024-08-20T16:01:23Z with MS VC++ 17.6 (VS2022)

END.
